[2026-05-02T05:56:55.112+0000] {manager.py:469} INFO - Processing files using up to 2 processes at a time 
[2026-05-02T05:56:55.113+0000] {manager.py:470} INFO - Process each file at most once every 30 seconds
[2026-05-02T05:56:55.113+0000] {manager.py:471} INFO - Checking for new files in /opt/airflow/dags every 300 seconds
[2026-05-02T05:56:55.113+0000] {manager.py:738} INFO - Searching for files in /opt/airflow/dags
[2026-05-02T05:56:55.114+0000] {manager.py:741} INFO - There are 1 files in /opt/airflow/dags
[2026-05-02T05:56:55.310+0000] {manager.py:879} INFO - 
================================================================================
DAG File Processing Stats

File Path                             PID  Runtime      # DAGs    # Errors  Last Runtime    Last Run
----------------------------------  -----  ---------  --------  ----------  --------------  ----------
/opt/airflow/dags/dag_fraud_etl.py    167  0.03s             0           0
================================================================================
[2026-05-02T05:57:25.415+0000] {manager.py:879} INFO - 
================================================================================
DAG File Processing Stats

File Path                           PID    Runtime      # DAGs    # Errors  Last Runtime    Last Run
----------------------------------  -----  ---------  --------  ----------  --------------  -------------------
/opt/airflow/dags/dag_fraud_etl.py                           1           0  1.19s           2026-05-02T05:56:56
================================================================================
[2026-05-02T05:57:55.698+0000] {manager.py:879} INFO - 
================================================================================
DAG File Processing Stats

File Path                           PID    Runtime      # DAGs    # Errors  Last Runtime    Last Run
----------------------------------  -----  ---------  --------  ----------  --------------  -------------------
/opt/airflow/dags/dag_fraud_etl.py                           1           0  0.67s           2026-05-02T05:57:27
================================================================================
[2026-05-02T05:58:25.839+0000] {manager.py:879} INFO - 
================================================================================
DAG File Processing Stats

File Path                           PID    Runtime      # DAGs    # Errors  Last Runtime    Last Run
----------------------------------  -----  ---------  --------  ----------  --------------  -------------------
/opt/airflow/dags/dag_fraud_etl.py                           1           0  0.49s           2026-05-02T05:57:57
================================================================================
[2026-05-02T05:58:56.149+0000] {manager.py:879} INFO - 
================================================================================
DAG File Processing Stats

File Path                           PID    Runtime      # DAGs    # Errors  Last Runtime    Last Run
----------------------------------  -----  ---------  --------  ----------  --------------  -------------------
/opt/airflow/dags/dag_fraud_etl.py                           1           0  0.50s           2026-05-02T05:58:28
================================================================================
[2026-05-02T05:59:26.229+0000] {manager.py:879} INFO - 
================================================================================
DAG File Processing Stats

File Path                           PID    Runtime      # DAGs    # Errors  Last Runtime    Last Run
----------------------------------  -----  ---------  --------  ----------  --------------  -------------------
/opt/airflow/dags/dag_fraud_etl.py                           1           0  0.44s           2026-05-02T05:58:59
================================================================================
[2026-05-02T05:59:56.377+0000] {manager.py:879} INFO - 
================================================================================
DAG File Processing Stats

File Path                           PID    Runtime      # DAGs    # Errors  Last Runtime    Last Run
----------------------------------  -----  ---------  --------  ----------  --------------  -------------------
/opt/airflow/dags/dag_fraud_etl.py                           1           0  0.45s           2026-05-02T05:59:29
================================================================================
[2026-05-02T06:00:26.396+0000] {manager.py:879} INFO - 
================================================================================
DAG File Processing Stats

File Path                           PID    Runtime      # DAGs    # Errors  Last Runtime    Last Run
----------------------------------  -----  ---------  --------  ----------  --------------  -------------------
/opt/airflow/dags/dag_fraud_etl.py                           1           0  0.43s           2026-05-02T06:00:00
================================================================================
[2026-05-02T06:00:56.557+0000] {manager.py:879} INFO - 
================================================================================
DAG File Processing Stats

File Path                           PID    Runtime      # DAGs    # Errors  Last Runtime    Last Run
----------------------------------  -----  ---------  --------  ----------  --------------  -------------------
/opt/airflow/dags/dag_fraud_etl.py                           1           0  0.44s           2026-05-02T06:00:30
================================================================================
[2026-05-02T06:01:26.567+0000] {manager.py:879} INFO - 
================================================================================
DAG File Processing Stats

File Path                           PID    Runtime      # DAGs    # Errors  Last Runtime    Last Run
----------------------------------  -----  ---------  --------  ----------  --------------  -------------------
/opt/airflow/dags/dag_fraud_etl.py                           1           0  0.44s           2026-05-02T06:01:01
================================================================================
[2026-05-02T06:01:55.251+0000] {manager.py:738} INFO - Searching for files in /opt/airflow/dags
[2026-05-02T06:01:55.253+0000] {manager.py:741} INFO - There are 1 files in /opt/airflow/dags
[2026-05-02T06:01:56.715+0000] {manager.py:879} INFO - 
================================================================================
DAG File Processing Stats

File Path                           PID    Runtime      # DAGs    # Errors  Last Runtime    Last Run
----------------------------------  -----  ---------  --------  ----------  --------------  -------------------
/opt/airflow/dags/dag_fraud_etl.py                           1           0  0.54s           2026-05-02T06:01:32
================================================================================
[2026-05-02T06:02:26.856+0000] {manager.py:879} INFO - 
================================================================================
DAG File Processing Stats

File Path                           PID    Runtime      # DAGs    # Errors  Last Runtime    Last Run
----------------------------------  -----  ---------  --------  ----------  --------------  -------------------
/opt/airflow/dags/dag_fraud_etl.py                           1           0  0.46s           2026-05-02T06:02:02
================================================================================
[2026-05-02T06:02:57.017+0000] {manager.py:879} INFO - 
================================================================================
DAG File Processing Stats

File Path                           PID    Runtime      # DAGs    # Errors  Last Runtime    Last Run
----------------------------------  -----  ---------  --------  ----------  --------------  -------------------
/opt/airflow/dags/dag_fraud_etl.py                           1           0  0.44s           2026-05-02T06:02:33
================================================================================
[2026-05-02T06:03:27.591+0000] {manager.py:879} INFO - 
================================================================================
DAG File Processing Stats

File Path                           PID    Runtime      # DAGs    # Errors  Last Runtime    Last Run
----------------------------------  -----  ---------  --------  ----------  --------------  -------------------
/opt/airflow/dags/dag_fraud_etl.py                           1           0  0.44s           2026-05-02T06:03:03
================================================================================
[2026-05-02T06:03:57.633+0000] {manager.py:879} INFO - 
================================================================================
DAG File Processing Stats

File Path                           PID    Runtime      # DAGs    # Errors  Last Runtime    Last Run
----------------------------------  -----  ---------  --------  ----------  --------------  -------------------
/opt/airflow/dags/dag_fraud_etl.py                           1           0  0.47s           2026-05-02T06:03:34
================================================================================
[2026-05-02T06:04:27.916+0000] {manager.py:879} INFO - 
================================================================================
DAG File Processing Stats

File Path                           PID    Runtime      # DAGs    # Errors  Last Runtime    Last Run
----------------------------------  -----  ---------  --------  ----------  --------------  -------------------
/opt/airflow/dags/dag_fraud_etl.py                           1           0  0.35s           2026-05-02T06:04:05
================================================================================
[2026-05-02T06:04:58.418+0000] {manager.py:879} INFO - 
================================================================================
DAG File Processing Stats

File Path                           PID    Runtime      # DAGs    # Errors  Last Runtime    Last Run
----------------------------------  -----  ---------  --------  ----------  --------------  -------------------
/opt/airflow/dags/dag_fraud_etl.py                           1           0  0.34s           2026-05-02T06:04:35
================================================================================
[2026-05-02T06:05:28.907+0000] {manager.py:879} INFO - 
================================================================================
DAG File Processing Stats

File Path                           PID    Runtime      # DAGs    # Errors  Last Runtime    Last Run
----------------------------------  -----  ---------  --------  ----------  --------------  -------------------
/opt/airflow/dags/dag_fraud_etl.py                           1           0  0.36s           2026-05-02T06:05:06
================================================================================
[2026-05-02T06:05:59.426+0000] {manager.py:879} INFO - 
================================================================================
DAG File Processing Stats

File Path                           PID    Runtime      # DAGs    # Errors  Last Runtime    Last Run
----------------------------------  -----  ---------  --------  ----------  --------------  -------------------
/opt/airflow/dags/dag_fraud_etl.py                           1           0  0.35s           2026-05-02T06:05:36
================================================================================
[2026-05-02T06:06:29.918+0000] {manager.py:879} INFO - 
================================================================================
DAG File Processing Stats

File Path                           PID    Runtime      # DAGs    # Errors  Last Runtime    Last Run
----------------------------------  -----  ---------  --------  ----------  --------------  -------------------
/opt/airflow/dags/dag_fraud_etl.py                           1           0  0.34s           2026-05-02T06:06:07
================================================================================
[2026-05-02T06:06:55.380+0000] {manager.py:738} INFO - Searching for files in /opt/airflow/dags
[2026-05-02T06:06:55.383+0000] {manager.py:741} INFO - There are 1 files in /opt/airflow/dags
[2026-05-02T06:07:00.418+0000] {manager.py:879} INFO - 
================================================================================
DAG File Processing Stats

File Path                           PID    Runtime      # DAGs    # Errors  Last Runtime    Last Run
----------------------------------  -----  ---------  --------  ----------  --------------  -------------------
/opt/airflow/dags/dag_fraud_etl.py                           1           0  0.33s           2026-05-02T06:06:37
================================================================================
[2026-05-02T06:07:30.873+0000] {manager.py:879} INFO - 
================================================================================
DAG File Processing Stats

File Path                           PID    Runtime      # DAGs    # Errors  Last Runtime    Last Run
----------------------------------  -----  ---------  --------  ----------  --------------  -------------------
/opt/airflow/dags/dag_fraud_etl.py                           1           0  0.36s           2026-05-02T06:07:08
================================================================================
[2026-05-02T06:08:01.375+0000] {manager.py:879} INFO - 
================================================================================
DAG File Processing Stats

File Path                           PID    Runtime      # DAGs    # Errors  Last Runtime    Last Run
----------------------------------  -----  ---------  --------  ----------  --------------  -------------------
/opt/airflow/dags/dag_fraud_etl.py                           1           0  0.34s           2026-05-02T06:07:38
================================================================================
[2026-05-02T06:08:31.878+0000] {manager.py:879} INFO - 
================================================================================
DAG File Processing Stats

File Path                           PID    Runtime      # DAGs    # Errors  Last Runtime    Last Run
----------------------------------  -----  ---------  --------  ----------  --------------  -------------------
/opt/airflow/dags/dag_fraud_etl.py                           1           0  0.34s           2026-05-02T06:08:09
================================================================================
[2026-05-02T06:09:02.357+0000] {manager.py:879} INFO - 
================================================================================
DAG File Processing Stats

File Path                           PID    Runtime      # DAGs    # Errors  Last Runtime    Last Run
----------------------------------  -----  ---------  --------  ----------  --------------  -------------------
/opt/airflow/dags/dag_fraud_etl.py                           1           0  0.35s           2026-05-02T06:08:39
================================================================================
[2026-05-02T06:09:32.850+0000] {manager.py:879} INFO - 
================================================================================
DAG File Processing Stats

File Path                           PID    Runtime      # DAGs    # Errors  Last Runtime    Last Run
----------------------------------  -----  ---------  --------  ----------  --------------  -------------------
/opt/airflow/dags/dag_fraud_etl.py                           1           0  0.35s           2026-05-02T06:09:10
================================================================================
[2026-05-02T06:10:03.333+0000] {manager.py:879} INFO - 
================================================================================
DAG File Processing Stats

File Path                           PID    Runtime      # DAGs    # Errors  Last Runtime    Last Run
----------------------------------  -----  ---------  --------  ----------  --------------  -------------------
/opt/airflow/dags/dag_fraud_etl.py                           1           0  0.32s           2026-05-02T06:09:40
================================================================================
[2026-05-02T06:10:33.782+0000] {manager.py:879} INFO - 
================================================================================
DAG File Processing Stats

File Path                           PID    Runtime      # DAGs    # Errors  Last Runtime    Last Run
----------------------------------  -----  ---------  --------  ----------  --------------  -------------------
/opt/airflow/dags/dag_fraud_etl.py                           1           0  0.47s           2026-05-02T06:10:11
================================================================================
[2026-05-02T06:11:04.384+0000] {manager.py:879} INFO - 
================================================================================
DAG File Processing Stats

File Path                           PID    Runtime      # DAGs    # Errors  Last Runtime    Last Run
----------------------------------  -----  ---------  --------  ----------  --------------  -------------------
/opt/airflow/dags/dag_fraud_etl.py                           1           0  0.32s           2026-05-02T06:10:41
================================================================================
[2026-05-02T06:11:34.419+0000] {manager.py:879} INFO - 
================================================================================
DAG File Processing Stats

File Path                           PID    Runtime      # DAGs    # Errors  Last Runtime    Last Run
----------------------------------  -----  ---------  --------  ----------  --------------  -------------------
/opt/airflow/dags/dag_fraud_etl.py                           1           0  0.56s           2026-05-02T06:11:12
================================================================================
[2026-05-02T06:11:55.956+0000] {manager.py:738} INFO - Searching for files in /opt/airflow/dags
[2026-05-02T06:11:55.959+0000] {manager.py:741} INFO - There are 1 files in /opt/airflow/dags
[2026-05-02T06:12:05.021+0000] {manager.py:879} INFO - 
================================================================================
DAG File Processing Stats

File Path                           PID    Runtime      # DAGs    # Errors  Last Runtime    Last Run
----------------------------------  -----  ---------  --------  ----------  --------------  -------------------
/opt/airflow/dags/dag_fraud_etl.py                           1           0  0.46s           2026-05-02T06:11:42
================================================================================
[2026-05-02T06:12:35.190+0000] {manager.py:879} INFO - 
================================================================================
DAG File Processing Stats

File Path                           PID    Runtime      # DAGs    # Errors  Last Runtime    Last Run
----------------------------------  -----  ---------  --------  ----------  --------------  -------------------
/opt/airflow/dags/dag_fraud_etl.py                           1           0  0.48s           2026-05-02T06:12:13
================================================================================
[2026-05-02T06:13:05.265+0000] {manager.py:879} INFO - 
================================================================================
DAG File Processing Stats

File Path                           PID    Runtime      # DAGs    # Errors  Last Runtime    Last Run
----------------------------------  -----  ---------  --------  ----------  --------------  -------------------
/opt/airflow/dags/dag_fraud_etl.py                           1           0  0.46s           2026-05-02T06:12:44
================================================================================
[2026-05-02T06:13:35.415+0000] {manager.py:879} INFO - 
================================================================================
DAG File Processing Stats

File Path                           PID    Runtime      # DAGs    # Errors  Last Runtime    Last Run
----------------------------------  -----  ---------  --------  ----------  --------------  -------------------
/opt/airflow/dags/dag_fraud_etl.py                           1           0  0.49s           2026-05-02T06:13:14
================================================================================
[2026-05-02T06:14:05.529+0000] {manager.py:879} INFO - 
================================================================================
DAG File Processing Stats

File Path                           PID    Runtime      # DAGs    # Errors  Last Runtime    Last Run
----------------------------------  -----  ---------  --------  ----------  --------------  -------------------
/opt/airflow/dags/dag_fraud_etl.py                           1           0  0.48s           2026-05-02T06:13:45
================================================================================
[2026-05-02T06:14:35.698+0000] {manager.py:879} INFO - 
================================================================================
DAG File Processing Stats

File Path                           PID    Runtime      # DAGs    # Errors  Last Runtime    Last Run
----------------------------------  -----  ---------  --------  ----------  --------------  -------------------
/opt/airflow/dags/dag_fraud_etl.py                           1           0  0.50s           2026-05-02T06:14:16
================================================================================
[2026-05-02T06:15:05.847+0000] {manager.py:879} INFO - 
================================================================================
DAG File Processing Stats

File Path                           PID    Runtime      # DAGs    # Errors  Last Runtime    Last Run
----------------------------------  -----  ---------  --------  ----------  --------------  -------------------
/opt/airflow/dags/dag_fraud_etl.py                           1           0  0.55s           2026-05-02T06:14:46
================================================================================
[2026-05-02T06:15:36.008+0000] {manager.py:879} INFO - 
================================================================================
DAG File Processing Stats

File Path                           PID    Runtime      # DAGs    # Errors  Last Runtime    Last Run
----------------------------------  -----  ---------  --------  ----------  --------------  -------------------
/opt/airflow/dags/dag_fraud_etl.py                           1           0  0.52s           2026-05-02T06:15:17
================================================================================
[2026-05-02T06:16:06.141+0000] {manager.py:879} INFO - 
================================================================================
DAG File Processing Stats

File Path                           PID    Runtime      # DAGs    # Errors  Last Runtime    Last Run
----------------------------------  -----  ---------  --------  ----------  --------------  -------------------
/opt/airflow/dags/dag_fraud_etl.py                           1           0  0.47s           2026-05-02T06:15:48
================================================================================
[2026-05-02T06:16:36.296+0000] {manager.py:879} INFO - 
================================================================================
DAG File Processing Stats

File Path                           PID    Runtime      # DAGs    # Errors  Last Runtime    Last Run
----------------------------------  -----  ---------  --------  ----------  --------------  -------------------
/opt/airflow/dags/dag_fraud_etl.py                           1           0  0.44s           2026-05-02T06:16:18
================================================================================
[2026-05-02T06:16:56.274+0000] {manager.py:738} INFO - Searching for files in /opt/airflow/dags
[2026-05-02T06:16:56.277+0000] {manager.py:741} INFO - There are 1 files in /opt/airflow/dags
[2026-05-02T06:17:06.338+0000] {manager.py:879} INFO - 
================================================================================
DAG File Processing Stats

File Path                           PID    Runtime      # DAGs    # Errors  Last Runtime    Last Run
----------------------------------  -----  ---------  --------  ----------  --------------  -------------------
/opt/airflow/dags/dag_fraud_etl.py                           1           0  0.45s           2026-05-02T06:16:49
================================================================================
[2026-05-02T06:17:36.502+0000] {manager.py:879} INFO - 
================================================================================
DAG File Processing Stats

File Path                           PID    Runtime      # DAGs    # Errors  Last Runtime    Last Run
----------------------------------  -----  ---------  --------  ----------  --------------  -------------------
/opt/airflow/dags/dag_fraud_etl.py                           1           0  0.45s           2026-05-02T06:17:19
================================================================================
[2026-05-02T06:18:06.558+0000] {manager.py:879} INFO - 
================================================================================
DAG File Processing Stats

File Path                           PID    Runtime      # DAGs    # Errors  Last Runtime    Last Run
----------------------------------  -----  ---------  --------  ----------  --------------  -------------------
/opt/airflow/dags/dag_fraud_etl.py                           1           0  0.47s           2026-05-02T06:17:50
================================================================================
[2026-05-02T06:18:36.715+0000] {manager.py:879} INFO - 
================================================================================
DAG File Processing Stats

File Path                           PID    Runtime      # DAGs    # Errors  Last Runtime    Last Run
----------------------------------  -----  ---------  --------  ----------  --------------  -------------------
/opt/airflow/dags/dag_fraud_etl.py                           1           0  0.46s           2026-05-02T06:18:21
================================================================================
[2026-05-02T06:19:06.822+0000] {manager.py:879} INFO - 
================================================================================
DAG File Processing Stats

File Path                           PID    Runtime      # DAGs    # Errors  Last Runtime    Last Run
----------------------------------  -----  ---------  --------  ----------  --------------  -------------------
/opt/airflow/dags/dag_fraud_etl.py                           1           0  0.50s           2026-05-02T06:18:51
================================================================================
[2026-05-02T06:19:36.988+0000] {manager.py:879} INFO - 
================================================================================
DAG File Processing Stats

File Path                           PID    Runtime      # DAGs    # Errors  Last Runtime    Last Run
----------------------------------  -----  ---------  --------  ----------  --------------  -------------------
/opt/airflow/dags/dag_fraud_etl.py                           1           0  0.45s           2026-05-02T06:19:22
================================================================================
[2026-05-02T06:20:07.087+0000] {manager.py:879} INFO - 
================================================================================
DAG File Processing Stats

File Path                           PID    Runtime      # DAGs    # Errors  Last Runtime    Last Run
----------------------------------  -----  ---------  --------  ----------  --------------  -------------------
/opt/airflow/dags/dag_fraud_etl.py                           1           0  0.38s           2026-05-02T06:19:53
================================================================================
[2026-05-02T06:20:37.239+0000] {manager.py:879} INFO - 
================================================================================
DAG File Processing Stats

File Path                           PID    Runtime      # DAGs    # Errors  Last Runtime    Last Run
----------------------------------  -----  ---------  --------  ----------  --------------  -------------------
/opt/airflow/dags/dag_fraud_etl.py                           1           0  0.38s           2026-05-02T06:20:23
================================================================================
[2026-05-02T06:21:07.771+0000] {manager.py:879} INFO - 
================================================================================
DAG File Processing Stats

File Path                           PID    Runtime      # DAGs    # Errors  Last Runtime    Last Run
----------------------------------  -----  ---------  --------  ----------  --------------  -------------------
/opt/airflow/dags/dag_fraud_etl.py                           1           0  0.40s           2026-05-02T06:20:54
================================================================================
[2026-05-02T06:21:38.295+0000] {manager.py:879} INFO - 
================================================================================
DAG File Processing Stats

File Path                           PID    Runtime      # DAGs    # Errors  Last Runtime    Last Run
----------------------------------  -----  ---------  --------  ----------  --------------  -------------------
/opt/airflow/dags/dag_fraud_etl.py                           1           0  0.35s           2026-05-02T06:21:24
================================================================================
[2026-05-02T06:21:56.743+0000] {manager.py:738} INFO - Searching for files in /opt/airflow/dags
[2026-05-02T06:21:56.745+0000] {manager.py:741} INFO - There are 1 files in /opt/airflow/dags
[2026-05-02T06:22:08.815+0000] {manager.py:879} INFO - 
================================================================================
DAG File Processing Stats

File Path                           PID    Runtime      # DAGs    # Errors  Last Runtime    Last Run
----------------------------------  -----  ---------  --------  ----------  --------------  -------------------
/opt/airflow/dags/dag_fraud_etl.py                           1           0  0.43s           2026-05-02T06:21:55
================================================================================
[2026-05-02T06:22:39.385+0000] {manager.py:879} INFO - 
================================================================================
DAG File Processing Stats

File Path                           PID    Runtime      # DAGs    # Errors  Last Runtime    Last Run
----------------------------------  -----  ---------  --------  ----------  --------------  -------------------
/opt/airflow/dags/dag_fraud_etl.py                           1           0  0.38s           2026-05-02T06:22:25
================================================================================
[2026-05-02T06:23:09.908+0000] {manager.py:879} INFO - 
================================================================================
DAG File Processing Stats

File Path                           PID    Runtime      # DAGs    # Errors  Last Runtime    Last Run
----------------------------------  -----  ---------  --------  ----------  --------------  -------------------
/opt/airflow/dags/dag_fraud_etl.py                           1           0  0.34s           2026-05-02T06:22:56
================================================================================
[2026-05-02T06:23:40.391+0000] {manager.py:879} INFO - 
================================================================================
DAG File Processing Stats

File Path                           PID    Runtime      # DAGs    # Errors  Last Runtime    Last Run
----------------------------------  -----  ---------  --------  ----------  --------------  -------------------
/opt/airflow/dags/dag_fraud_etl.py                           1           0  0.34s           2026-05-02T06:23:26
================================================================================
[2026-05-02T06:24:10.881+0000] {manager.py:879} INFO - 
================================================================================
DAG File Processing Stats

File Path                           PID    Runtime      # DAGs    # Errors  Last Runtime    Last Run
----------------------------------  -----  ---------  --------  ----------  --------------  -------------------
/opt/airflow/dags/dag_fraud_etl.py                           1           0  0.36s           2026-05-02T06:23:57
================================================================================
[2026-05-02T06:24:41.385+0000] {manager.py:879} INFO - 
================================================================================
DAG File Processing Stats

File Path                           PID    Runtime      # DAGs    # Errors  Last Runtime    Last Run
----------------------------------  -----  ---------  --------  ----------  --------------  -------------------
/opt/airflow/dags/dag_fraud_etl.py                           1           0  0.33s           2026-05-02T06:24:27
================================================================================
[2026-05-02T06:25:11.863+0000] {manager.py:879} INFO - 
================================================================================
DAG File Processing Stats

File Path                           PID    Runtime      # DAGs    # Errors  Last Runtime    Last Run
----------------------------------  -----  ---------  --------  ----------  --------------  -------------------
/opt/airflow/dags/dag_fraud_etl.py                           1           0  0.33s           2026-05-02T06:24:58
================================================================================
[2026-05-02T06:25:42.337+0000] {manager.py:879} INFO - 
================================================================================
DAG File Processing Stats

File Path                           PID    Runtime      # DAGs    # Errors  Last Runtime    Last Run
----------------------------------  -----  ---------  --------  ----------  --------------  -------------------
/opt/airflow/dags/dag_fraud_etl.py                           1           0  0.34s           2026-05-02T06:25:28
================================================================================
[2026-05-02T06:26:12.823+0000] {manager.py:879} INFO - 
================================================================================
DAG File Processing Stats

File Path                           PID    Runtime      # DAGs    # Errors  Last Runtime    Last Run
----------------------------------  -----  ---------  --------  ----------  --------------  -------------------
/opt/airflow/dags/dag_fraud_etl.py                           1           0  0.34s           2026-05-02T06:25:59
================================================================================
[2026-05-02T06:26:43.309+0000] {manager.py:879} INFO - 
================================================================================
DAG File Processing Stats

File Path                           PID    Runtime      # DAGs    # Errors  Last Runtime    Last Run
----------------------------------  -----  ---------  --------  ----------  --------------  -------------------
/opt/airflow/dags/dag_fraud_etl.py                           1           0  0.33s           2026-05-02T06:26:29
================================================================================
[2026-05-02T06:26:57.389+0000] {manager.py:738} INFO - Searching for files in /opt/airflow/dags
[2026-05-02T06:26:57.391+0000] {manager.py:741} INFO - There are 1 files in /opt/airflow/dags
[2026-05-02T06:27:13.786+0000] {manager.py:879} INFO - 
================================================================================
DAG File Processing Stats

File Path                           PID    Runtime      # DAGs    # Errors  Last Runtime    Last Run
----------------------------------  -----  ---------  --------  ----------  --------------  -------------------
/opt/airflow/dags/dag_fraud_etl.py                           1           0  0.33s           2026-05-02T06:27:00
================================================================================
[2026-05-02T06:27:44.274+0000] {manager.py:879} INFO - 
================================================================================
DAG File Processing Stats

File Path                           PID    Runtime      # DAGs    # Errors  Last Runtime    Last Run
----------------------------------  -----  ---------  --------  ----------  --------------  -------------------
/opt/airflow/dags/dag_fraud_etl.py                           1           0  0.45s           2026-05-02T06:27:30
================================================================================
[2026-05-02T06:28:14.303+0000] {manager.py:879} INFO - 
================================================================================
DAG File Processing Stats

File Path                           PID    Runtime      # DAGs    # Errors  Last Runtime    Last Run
----------------------------------  -----  ---------  --------  ----------  --------------  -------------------
/opt/airflow/dags/dag_fraud_etl.py                           1           0  0.44s           2026-05-02T06:28:01
================================================================================
[2026-05-02T06:28:44.462+0000] {manager.py:879} INFO - 
================================================================================
DAG File Processing Stats

File Path                           PID    Runtime      # DAGs    # Errors  Last Runtime    Last Run
----------------------------------  -----  ---------  --------  ----------  --------------  -------------------
/opt/airflow/dags/dag_fraud_etl.py                           1           0  0.44s           2026-05-02T06:28:31
================================================================================
[2026-05-02T06:29:14.503+0000] {manager.py:879} INFO - 
================================================================================
DAG File Processing Stats

File Path                           PID    Runtime      # DAGs    # Errors  Last Runtime    Last Run
----------------------------------  -----  ---------  --------  ----------  --------------  -------------------
/opt/airflow/dags/dag_fraud_etl.py                           1           0  0.46s           2026-05-02T06:29:02
================================================================================
[2026-05-02T06:29:44.664+0000] {manager.py:879} INFO - 
================================================================================
DAG File Processing Stats

File Path                           PID    Runtime      # DAGs    # Errors  Last Runtime    Last Run
----------------------------------  -----  ---------  --------  ----------  --------------  -------------------
/opt/airflow/dags/dag_fraud_etl.py                           1           0  0.44s           2026-05-02T06:29:33
================================================================================
[2026-05-02T06:30:15.250+0000] {manager.py:879} INFO - 
================================================================================
DAG File Processing Stats

File Path                           PID    Runtime      # DAGs    # Errors  Last Runtime    Last Run
----------------------------------  -----  ---------  --------  ----------  --------------  -------------------
/opt/airflow/dags/dag_fraud_etl.py                           1           0  0.41s           2026-05-02T06:30:03
================================================================================
[2026-05-02T06:30:45.809+0000] {manager.py:879} INFO - 
================================================================================
DAG File Processing Stats

File Path                           PID    Runtime      # DAGs    # Errors  Last Runtime    Last Run
----------------------------------  -----  ---------  --------  ----------  --------------  -------------------
/opt/airflow/dags/dag_fraud_etl.py                           1           0  0.44s           2026-05-02T06:30:34
================================================================================
[2026-05-02T06:31:15.816+0000] {manager.py:879} INFO - 
================================================================================
DAG File Processing Stats

File Path                           PID    Runtime      # DAGs    # Errors  Last Runtime    Last Run
----------------------------------  -----  ---------  --------  ----------  --------------  -------------------
/opt/airflow/dags/dag_fraud_etl.py                           1           0  0.44s           2026-05-02T06:31:04
================================================================================
[2026-05-02T06:31:45.977+0000] {manager.py:879} INFO - 
================================================================================
DAG File Processing Stats

File Path                           PID    Runtime      # DAGs    # Errors  Last Runtime    Last Run
----------------------------------  -----  ---------  --------  ----------  --------------  -------------------
/opt/airflow/dags/dag_fraud_etl.py                           1           0  0.44s           2026-05-02T06:31:35
================================================================================
[2026-05-02T06:31:57.457+0000] {manager.py:738} INFO - Searching for files in /opt/airflow/dags
[2026-05-02T06:31:57.458+0000] {manager.py:741} INFO - There are 1 files in /opt/airflow/dags
[2026-05-02T06:32:16.018+0000] {manager.py:879} INFO - 
================================================================================
DAG File Processing Stats

File Path                           PID    Runtime      # DAGs    # Errors  Last Runtime    Last Run
----------------------------------  -----  ---------  --------  ----------  --------------  -------------------
/opt/airflow/dags/dag_fraud_etl.py                           1           0  0.45s           2026-05-02T06:32:05
================================================================================
[2026-05-02T06:32:46.171+0000] {manager.py:879} INFO - 
================================================================================
DAG File Processing Stats

File Path                           PID    Runtime      # DAGs    # Errors  Last Runtime    Last Run
----------------------------------  -----  ---------  --------  ----------  --------------  -------------------
/opt/airflow/dags/dag_fraud_etl.py                           1           0  0.44s           2026-05-02T06:32:36
================================================================================
[2026-05-02T06:33:16.217+0000] {manager.py:879} INFO - 
================================================================================
DAG File Processing Stats

File Path                           PID    Runtime      # DAGs    # Errors  Last Runtime    Last Run
----------------------------------  -----  ---------  --------  ----------  --------------  -------------------
/opt/airflow/dags/dag_fraud_etl.py                           1           0  0.47s           2026-05-02T06:33:07
================================================================================
[2026-05-02T06:33:46.370+0000] {manager.py:879} INFO - 
================================================================================
DAG File Processing Stats

File Path                           PID    Runtime      # DAGs    # Errors  Last Runtime    Last Run
----------------------------------  -----  ---------  --------  ----------  --------------  -------------------
/opt/airflow/dags/dag_fraud_etl.py                           1           0  0.52s           2026-05-02T06:33:37
================================================================================
[2026-05-02T06:34:16.475+0000] {manager.py:879} INFO - 
================================================================================
DAG File Processing Stats

File Path                           PID    Runtime      # DAGs    # Errors  Last Runtime    Last Run
----------------------------------  -----  ---------  --------  ----------  --------------  -------------------
/opt/airflow/dags/dag_fraud_etl.py                           1           0  0.45s           2026-05-02T06:34:08
================================================================================
[2026-05-02T06:34:46.624+0000] {manager.py:879} INFO - 
================================================================================
DAG File Processing Stats

File Path                           PID    Runtime      # DAGs    # Errors  Last Runtime    Last Run
----------------------------------  -----  ---------  --------  ----------  --------------  -------------------
/opt/airflow/dags/dag_fraud_etl.py                           1           0  0.45s           2026-05-02T06:34:39
================================================================================
[2026-05-02T06:35:16.654+0000] {manager.py:879} INFO - 
================================================================================
DAG File Processing Stats

File Path                           PID    Runtime      # DAGs    # Errors  Last Runtime    Last Run
----------------------------------  -----  ---------  --------  ----------  --------------  -------------------
/opt/airflow/dags/dag_fraud_etl.py                           1           0  0.45s           2026-05-02T06:35:09
================================================================================
[2026-05-02T06:35:46.800+0000] {manager.py:879} INFO - 
================================================================================
DAG File Processing Stats

File Path                           PID    Runtime      # DAGs    # Errors  Last Runtime    Last Run
----------------------------------  -----  ---------  --------  ----------  --------------  -------------------
/opt/airflow/dags/dag_fraud_etl.py                           1           0  0.31s           2026-05-02T06:35:40
================================================================================
[2026-05-02T06:36:17.306+0000] {manager.py:879} INFO - 
================================================================================
DAG File Processing Stats

File Path                           PID    Runtime      # DAGs    # Errors  Last Runtime    Last Run
----------------------------------  -----  ---------  --------  ----------  --------------  -------------------
/opt/airflow/dags/dag_fraud_etl.py                           1           0  0.21s           2026-05-02T06:36:10
================================================================================
[2026-05-02T06:36:47.652+0000] {manager.py:879} INFO - 
================================================================================
DAG File Processing Stats

File Path                           PID    Runtime      # DAGs    # Errors  Last Runtime    Last Run
----------------------------------  -----  ---------  --------  ----------  --------------  -------------------
/opt/airflow/dags/dag_fraud_etl.py                           1           0  0.21s           2026-05-02T06:36:40
================================================================================
[2026-05-02T06:36:57.704+0000] {manager.py:738} INFO - Searching for files in /opt/airflow/dags
[2026-05-02T06:36:57.706+0000] {manager.py:741} INFO - There are 1 files in /opt/airflow/dags
[2026-05-02T06:37:17.987+0000] {manager.py:879} INFO - 
================================================================================
DAG File Processing Stats

File Path                           PID    Runtime      # DAGs    # Errors  Last Runtime    Last Run
----------------------------------  -----  ---------  --------  ----------  --------------  -------------------
/opt/airflow/dags/dag_fraud_etl.py                           1           0  0.23s           2026-05-02T06:37:11
================================================================================
[2026-05-02T06:37:48.347+0000] {manager.py:879} INFO - 
================================================================================
DAG File Processing Stats

File Path                           PID    Runtime      # DAGs    # Errors  Last Runtime    Last Run
----------------------------------  -----  ---------  --------  ----------  --------------  -------------------
/opt/airflow/dags/dag_fraud_etl.py                           1           0  0.26s           2026-05-02T06:37:41
================================================================================
[2026-05-02T06:38:18.732+0000] {manager.py:879} INFO - 
================================================================================
DAG File Processing Stats

File Path                           PID    Runtime      # DAGs    # Errors  Last Runtime    Last Run
----------------------------------  -----  ---------  --------  ----------  --------------  -------------------
/opt/airflow/dags/dag_fraud_etl.py                           1           0  0.22s           2026-05-02T06:38:11
================================================================================
[2026-05-02T06:38:49.096+0000] {manager.py:879} INFO - 
================================================================================
DAG File Processing Stats

File Path                           PID    Runtime      # DAGs    # Errors  Last Runtime    Last Run
----------------------------------  -----  ---------  --------  ----------  --------------  -------------------
/opt/airflow/dags/dag_fraud_etl.py                           1           0  0.28s           2026-05-02T06:38:42
================================================================================
[2026-05-02T06:39:19.523+0000] {manager.py:879} INFO - 
================================================================================
DAG File Processing Stats

File Path                           PID    Runtime      # DAGs    # Errors  Last Runtime    Last Run
----------------------------------  -----  ---------  --------  ----------  --------------  -------------------
/opt/airflow/dags/dag_fraud_etl.py                           1           0  0.23s           2026-05-02T06:39:12
================================================================================
[2026-05-02T06:39:49.895+0000] {manager.py:879} INFO - 
================================================================================
DAG File Processing Stats

File Path                           PID    Runtime      # DAGs    # Errors  Last Runtime    Last Run
----------------------------------  -----  ---------  --------  ----------  --------------  -------------------
/opt/airflow/dags/dag_fraud_etl.py                           1           0  0.23s           2026-05-02T06:39:43
================================================================================
[2026-05-02T06:40:20.274+0000] {manager.py:879} INFO - 
================================================================================
DAG File Processing Stats

File Path                           PID    Runtime      # DAGs    # Errors  Last Runtime    Last Run
----------------------------------  -----  ---------  --------  ----------  --------------  -------------------
/opt/airflow/dags/dag_fraud_etl.py                           1           0  0.23s           2026-05-02T06:40:13
================================================================================
