[2026-05-02T05:56:55.292+0000] {processor.py:161} INFO - Started process (PID=167) to work on /opt/airflow/dags/dag_fraud_etl.py
[2026-05-02T05:56:55.292+0000] {processor.py:830} INFO - Processing file /opt/airflow/dags/dag_fraud_etl.py for tasks to queue
[2026-05-02T05:56:55.293+0000] {logging_mixin.py:188} INFO - [2026-05-02T05:56:55.293+0000] {dagbag.py:538} INFO - Filling up the DagBag from /opt/airflow/dags/dag_fraud_etl.py
[2026-05-02T05:56:56.311+0000] {processor.py:840} INFO - DAG(s) 'fraud_buster_etl' retrieved from /opt/airflow/dags/dag_fraud_etl.py
[2026-05-02T05:56:56.438+0000] {logging_mixin.py:188} INFO - [2026-05-02T05:56:56.438+0000] {dag.py:3036} INFO - Sync 1 DAGs
[2026-05-02T05:56:56.447+0000] {logging_mixin.py:188} INFO - [2026-05-02T05:56:56.446+0000] {dag.py:3823} INFO - Setting next_dagrun for fraud_buster_etl to None, run_after=None
[2026-05-02T05:56:56.460+0000] {processor.py:183} INFO - Processing /opt/airflow/dags/dag_fraud_etl.py took 1.171 seconds
[2026-05-02T05:57:26.582+0000] {processor.py:161} INFO - Started process (PID=203) to work on /opt/airflow/dags/dag_fraud_etl.py
[2026-05-02T05:57:26.583+0000] {processor.py:830} INFO - Processing file /opt/airflow/dags/dag_fraud_etl.py for tasks to queue
[2026-05-02T05:57:26.584+0000] {logging_mixin.py:188} INFO - [2026-05-02T05:57:26.583+0000] {dagbag.py:538} INFO - Filling up the DagBag from /opt/airflow/dags/dag_fraud_etl.py
[2026-05-02T05:57:26.956+0000] {processor.py:840} INFO - DAG(s) 'fraud_buster_etl' retrieved from /opt/airflow/dags/dag_fraud_etl.py
[2026-05-02T05:57:27.184+0000] {logging_mixin.py:188} INFO - [2026-05-02T05:57:27.183+0000] {dag.py:3036} INFO - Sync 1 DAGs
[2026-05-02T05:57:27.196+0000] {logging_mixin.py:188} INFO - [2026-05-02T05:57:27.196+0000] {dag.py:3823} INFO - Setting next_dagrun for fraud_buster_etl to None, run_after=None
[2026-05-02T05:57:27.225+0000] {processor.py:183} INFO - Processing /opt/airflow/dags/dag_fraud_etl.py took 0.646 seconds
[2026-05-02T05:57:57.422+0000] {processor.py:161} INFO - Started process (PID=224) to work on /opt/airflow/dags/dag_fraud_etl.py
[2026-05-02T05:57:57.423+0000] {processor.py:830} INFO - Processing file /opt/airflow/dags/dag_fraud_etl.py for tasks to queue
[2026-05-02T05:57:57.425+0000] {logging_mixin.py:188} INFO - [2026-05-02T05:57:57.424+0000] {dagbag.py:538} INFO - Filling up the DagBag from /opt/airflow/dags/dag_fraud_etl.py
[2026-05-02T05:57:57.805+0000] {processor.py:840} INFO - DAG(s) 'fraud_buster_etl' retrieved from /opt/airflow/dags/dag_fraud_etl.py
[2026-05-02T05:57:57.833+0000] {logging_mixin.py:188} INFO - [2026-05-02T05:57:57.833+0000] {dag.py:3036} INFO - Sync 1 DAGs
[2026-05-02T05:57:57.848+0000] {logging_mixin.py:188} INFO - [2026-05-02T05:57:57.847+0000] {dag.py:3823} INFO - Setting next_dagrun for fraud_buster_etl to None, run_after=None
[2026-05-02T05:57:57.872+0000] {processor.py:183} INFO - Processing /opt/airflow/dags/dag_fraud_etl.py took 0.457 seconds
[2026-05-02T05:58:28.046+0000] {processor.py:161} INFO - Started process (PID=230) to work on /opt/airflow/dags/dag_fraud_etl.py
[2026-05-02T05:58:28.048+0000] {processor.py:830} INFO - Processing file /opt/airflow/dags/dag_fraud_etl.py for tasks to queue
[2026-05-02T05:58:28.049+0000] {logging_mixin.py:188} INFO - [2026-05-02T05:58:28.049+0000] {dagbag.py:538} INFO - Filling up the DagBag from /opt/airflow/dags/dag_fraud_etl.py
[2026-05-02T05:58:28.433+0000] {processor.py:840} INFO - DAG(s) 'fraud_buster_etl' retrieved from /opt/airflow/dags/dag_fraud_etl.py
[2026-05-02T05:58:28.456+0000] {logging_mixin.py:188} INFO - [2026-05-02T05:58:28.456+0000] {dag.py:3036} INFO - Sync 1 DAGs
[2026-05-02T05:58:28.469+0000] {logging_mixin.py:188} INFO - [2026-05-02T05:58:28.468+0000] {dag.py:3823} INFO - Setting next_dagrun for fraud_buster_etl to None, run_after=None
[2026-05-02T05:58:28.498+0000] {processor.py:183} INFO - Processing /opt/airflow/dags/dag_fraud_etl.py took 0.457 seconds
[2026-05-02T05:58:58.683+0000] {processor.py:161} INFO - Started process (PID=236) to work on /opt/airflow/dags/dag_fraud_etl.py
[2026-05-02T05:58:58.684+0000] {processor.py:830} INFO - Processing file /opt/airflow/dags/dag_fraud_etl.py for tasks to queue
[2026-05-02T05:58:58.686+0000] {logging_mixin.py:188} INFO - [2026-05-02T05:58:58.685+0000] {dagbag.py:538} INFO - Filling up the DagBag from /opt/airflow/dags/dag_fraud_etl.py
[2026-05-02T05:58:59.046+0000] {processor.py:840} INFO - DAG(s) 'fraud_buster_etl' retrieved from /opt/airflow/dags/dag_fraud_etl.py
[2026-05-02T05:58:59.068+0000] {logging_mixin.py:188} INFO - [2026-05-02T05:58:59.068+0000] {dag.py:3036} INFO - Sync 1 DAGs
[2026-05-02T05:58:59.077+0000] {logging_mixin.py:188} INFO - [2026-05-02T05:58:59.077+0000] {dag.py:3823} INFO - Setting next_dagrun for fraud_buster_etl to None, run_after=None
[2026-05-02T05:58:59.091+0000] {processor.py:183} INFO - Processing /opt/airflow/dags/dag_fraud_etl.py took 0.413 seconds
[2026-05-02T05:59:29.273+0000] {processor.py:161} INFO - Started process (PID=242) to work on /opt/airflow/dags/dag_fraud_etl.py
[2026-05-02T05:59:29.275+0000] {processor.py:830} INFO - Processing file /opt/airflow/dags/dag_fraud_etl.py for tasks to queue
[2026-05-02T05:59:29.276+0000] {logging_mixin.py:188} INFO - [2026-05-02T05:59:29.276+0000] {dagbag.py:538} INFO - Filling up the DagBag from /opt/airflow/dags/dag_fraud_etl.py
[2026-05-02T05:59:29.641+0000] {processor.py:840} INFO - DAG(s) 'fraud_buster_etl' retrieved from /opt/airflow/dags/dag_fraud_etl.py
[2026-05-02T05:59:29.665+0000] {logging_mixin.py:188} INFO - [2026-05-02T05:59:29.664+0000] {dag.py:3036} INFO - Sync 1 DAGs
[2026-05-02T05:59:29.673+0000] {logging_mixin.py:188} INFO - [2026-05-02T05:59:29.673+0000] {dag.py:3823} INFO - Setting next_dagrun for fraud_buster_etl to None, run_after=None
[2026-05-02T05:59:29.689+0000] {processor.py:183} INFO - Processing /opt/airflow/dags/dag_fraud_etl.py took 0.420 seconds
[2026-05-02T05:59:59.858+0000] {processor.py:161} INFO - Started process (PID=248) to work on /opt/airflow/dags/dag_fraud_etl.py
[2026-05-02T05:59:59.860+0000] {processor.py:830} INFO - Processing file /opt/airflow/dags/dag_fraud_etl.py for tasks to queue
[2026-05-02T05:59:59.861+0000] {logging_mixin.py:188} INFO - [2026-05-02T05:59:59.861+0000] {dagbag.py:538} INFO - Filling up the DagBag from /opt/airflow/dags/dag_fraud_etl.py
[2026-05-02T06:00:00.212+0000] {processor.py:840} INFO - DAG(s) 'fraud_buster_etl' retrieved from /opt/airflow/dags/dag_fraud_etl.py
[2026-05-02T06:00:00.235+0000] {logging_mixin.py:188} INFO - [2026-05-02T06:00:00.234+0000] {dag.py:3036} INFO - Sync 1 DAGs
[2026-05-02T06:00:00.244+0000] {logging_mixin.py:188} INFO - [2026-05-02T06:00:00.244+0000] {dag.py:3823} INFO - Setting next_dagrun for fraud_buster_etl to None, run_after=None
[2026-05-02T06:00:00.260+0000] {processor.py:183} INFO - Processing /opt/airflow/dags/dag_fraud_etl.py took 0.407 seconds
[2026-05-02T06:00:30.445+0000] {processor.py:161} INFO - Started process (PID=254) to work on /opt/airflow/dags/dag_fraud_etl.py
[2026-05-02T06:00:30.446+0000] {processor.py:830} INFO - Processing file /opt/airflow/dags/dag_fraud_etl.py for tasks to queue
[2026-05-02T06:00:30.447+0000] {logging_mixin.py:188} INFO - [2026-05-02T06:00:30.447+0000] {dagbag.py:538} INFO - Filling up the DagBag from /opt/airflow/dags/dag_fraud_etl.py
[2026-05-02T06:00:30.808+0000] {processor.py:840} INFO - DAG(s) 'fraud_buster_etl' retrieved from /opt/airflow/dags/dag_fraud_etl.py
[2026-05-02T06:00:30.831+0000] {logging_mixin.py:188} INFO - [2026-05-02T06:00:30.831+0000] {dag.py:3036} INFO - Sync 1 DAGs
[2026-05-02T06:00:30.840+0000] {logging_mixin.py:188} INFO - [2026-05-02T06:00:30.839+0000] {dag.py:3823} INFO - Setting next_dagrun for fraud_buster_etl to None, run_after=None
[2026-05-02T06:00:30.853+0000] {processor.py:183} INFO - Processing /opt/airflow/dags/dag_fraud_etl.py took 0.414 seconds
[2026-05-02T06:01:01.033+0000] {processor.py:161} INFO - Started process (PID=260) to work on /opt/airflow/dags/dag_fraud_etl.py
[2026-05-02T06:01:01.034+0000] {processor.py:830} INFO - Processing file /opt/airflow/dags/dag_fraud_etl.py for tasks to queue
[2026-05-02T06:01:01.035+0000] {logging_mixin.py:188} INFO - [2026-05-02T06:01:01.035+0000] {dagbag.py:538} INFO - Filling up the DagBag from /opt/airflow/dags/dag_fraud_etl.py
[2026-05-02T06:01:01.391+0000] {processor.py:840} INFO - DAG(s) 'fraud_buster_etl' retrieved from /opt/airflow/dags/dag_fraud_etl.py
[2026-05-02T06:01:01.413+0000] {logging_mixin.py:188} INFO - [2026-05-02T06:01:01.413+0000] {dag.py:3036} INFO - Sync 1 DAGs
[2026-05-02T06:01:01.422+0000] {logging_mixin.py:188} INFO - [2026-05-02T06:01:01.422+0000] {dag.py:3823} INFO - Setting next_dagrun for fraud_buster_etl to None, run_after=None
[2026-05-02T06:01:01.437+0000] {processor.py:183} INFO - Processing /opt/airflow/dags/dag_fraud_etl.py took 0.409 seconds
[2026-05-02T06:01:31.611+0000] {processor.py:161} INFO - Started process (PID=266) to work on /opt/airflow/dags/dag_fraud_etl.py
[2026-05-02T06:01:31.611+0000] {processor.py:830} INFO - Processing file /opt/airflow/dags/dag_fraud_etl.py for tasks to queue
[2026-05-02T06:01:31.612+0000] {logging_mixin.py:188} INFO - [2026-05-02T06:01:31.612+0000] {dagbag.py:538} INFO - Filling up the DagBag from /opt/airflow/dags/dag_fraud_etl.py
[2026-05-02T06:01:32.062+0000] {processor.py:840} INFO - DAG(s) 'fraud_buster_etl' retrieved from /opt/airflow/dags/dag_fraud_etl.py
[2026-05-02T06:01:32.088+0000] {logging_mixin.py:188} INFO - [2026-05-02T06:01:32.088+0000] {dag.py:3036} INFO - Sync 1 DAGs
[2026-05-02T06:01:32.101+0000] {logging_mixin.py:188} INFO - [2026-05-02T06:01:32.100+0000] {dag.py:3823} INFO - Setting next_dagrun for fraud_buster_etl to None, run_after=None
[2026-05-02T06:01:32.120+0000] {processor.py:183} INFO - Processing /opt/airflow/dags/dag_fraud_etl.py took 0.514 seconds
[2026-05-02T06:02:02.312+0000] {processor.py:161} INFO - Started process (PID=272) to work on /opt/airflow/dags/dag_fraud_etl.py
[2026-05-02T06:02:02.312+0000] {processor.py:830} INFO - Processing file /opt/airflow/dags/dag_fraud_etl.py for tasks to queue
[2026-05-02T06:02:02.313+0000] {logging_mixin.py:188} INFO - [2026-05-02T06:02:02.313+0000] {dagbag.py:538} INFO - Filling up the DagBag from /opt/airflow/dags/dag_fraud_etl.py
[2026-05-02T06:02:02.697+0000] {processor.py:840} INFO - DAG(s) 'fraud_buster_etl' retrieved from /opt/airflow/dags/dag_fraud_etl.py
[2026-05-02T06:02:02.719+0000] {logging_mixin.py:188} INFO - [2026-05-02T06:02:02.719+0000] {dag.py:3036} INFO - Sync 1 DAGs
[2026-05-02T06:02:02.729+0000] {logging_mixin.py:188} INFO - [2026-05-02T06:02:02.729+0000] {dag.py:3823} INFO - Setting next_dagrun for fraud_buster_etl to None, run_after=None
[2026-05-02T06:02:02.745+0000] {processor.py:183} INFO - Processing /opt/airflow/dags/dag_fraud_etl.py took 0.437 seconds
[2026-05-02T06:02:32.911+0000] {processor.py:161} INFO - Started process (PID=278) to work on /opt/airflow/dags/dag_fraud_etl.py
[2026-05-02T06:02:32.913+0000] {processor.py:830} INFO - Processing file /opt/airflow/dags/dag_fraud_etl.py for tasks to queue
[2026-05-02T06:02:32.914+0000] {logging_mixin.py:188} INFO - [2026-05-02T06:02:32.914+0000] {dagbag.py:538} INFO - Filling up the DagBag from /opt/airflow/dags/dag_fraud_etl.py
[2026-05-02T06:02:33.272+0000] {processor.py:840} INFO - DAG(s) 'fraud_buster_etl' retrieved from /opt/airflow/dags/dag_fraud_etl.py
[2026-05-02T06:02:33.295+0000] {logging_mixin.py:188} INFO - [2026-05-02T06:02:33.295+0000] {dag.py:3036} INFO - Sync 1 DAGs
[2026-05-02T06:02:33.304+0000] {logging_mixin.py:188} INFO - [2026-05-02T06:02:33.304+0000] {dag.py:3823} INFO - Setting next_dagrun for fraud_buster_etl to None, run_after=None
[2026-05-02T06:02:33.318+0000] {processor.py:183} INFO - Processing /opt/airflow/dags/dag_fraud_etl.py took 0.411 seconds
[2026-05-02T06:03:03.497+0000] {processor.py:161} INFO - Started process (PID=284) to work on /opt/airflow/dags/dag_fraud_etl.py
[2026-05-02T06:03:03.499+0000] {processor.py:830} INFO - Processing file /opt/airflow/dags/dag_fraud_etl.py for tasks to queue
[2026-05-02T06:03:03.500+0000] {logging_mixin.py:188} INFO - [2026-05-02T06:03:03.499+0000] {dagbag.py:538} INFO - Filling up the DagBag from /opt/airflow/dags/dag_fraud_etl.py
[2026-05-02T06:03:03.855+0000] {processor.py:840} INFO - DAG(s) 'fraud_buster_etl' retrieved from /opt/airflow/dags/dag_fraud_etl.py
[2026-05-02T06:03:03.878+0000] {logging_mixin.py:188} INFO - [2026-05-02T06:03:03.877+0000] {dag.py:3036} INFO - Sync 1 DAGs
[2026-05-02T06:03:03.888+0000] {logging_mixin.py:188} INFO - [2026-05-02T06:03:03.887+0000] {dag.py:3823} INFO - Setting next_dagrun for fraud_buster_etl to None, run_after=None
[2026-05-02T06:03:03.902+0000] {processor.py:183} INFO - Processing /opt/airflow/dags/dag_fraud_etl.py took 0.409 seconds
[2026-05-02T06:03:34.074+0000] {processor.py:161} INFO - Started process (PID=290) to work on /opt/airflow/dags/dag_fraud_etl.py
[2026-05-02T06:03:34.076+0000] {processor.py:830} INFO - Processing file /opt/airflow/dags/dag_fraud_etl.py for tasks to queue
[2026-05-02T06:03:34.077+0000] {logging_mixin.py:188} INFO - [2026-05-02T06:03:34.077+0000] {dagbag.py:538} INFO - Filling up the DagBag from /opt/airflow/dags/dag_fraud_etl.py
[2026-05-02T06:03:34.455+0000] {processor.py:840} INFO - DAG(s) 'fraud_buster_etl' retrieved from /opt/airflow/dags/dag_fraud_etl.py
[2026-05-02T06:03:34.477+0000] {logging_mixin.py:188} INFO - [2026-05-02T06:03:34.476+0000] {dag.py:3036} INFO - Sync 1 DAGs
[2026-05-02T06:03:34.487+0000] {logging_mixin.py:188} INFO - [2026-05-02T06:03:34.487+0000] {dag.py:3823} INFO - Setting next_dagrun for fraud_buster_etl to None, run_after=None
[2026-05-02T06:03:34.502+0000] {processor.py:183} INFO - Processing /opt/airflow/dags/dag_fraud_etl.py took 0.434 seconds
[2026-05-02T06:04:04.818+0000] {processor.py:161} INFO - Started process (PID=296) to work on /opt/airflow/dags/dag_fraud_etl.py
[2026-05-02T06:04:04.819+0000] {processor.py:830} INFO - Processing file /opt/airflow/dags/dag_fraud_etl.py for tasks to queue
[2026-05-02T06:04:04.819+0000] {logging_mixin.py:188} INFO - [2026-05-02T06:04:04.819+0000] {dagbag.py:538} INFO - Filling up the DagBag from /opt/airflow/dags/dag_fraud_etl.py
[2026-05-02T06:04:05.068+0000] {processor.py:840} INFO - DAG(s) 'fraud_buster_etl' retrieved from /opt/airflow/dags/dag_fraud_etl.py
[2026-05-02T06:04:05.093+0000] {logging_mixin.py:188} INFO - [2026-05-02T06:04:05.093+0000] {dag.py:3036} INFO - Sync 1 DAGs
[2026-05-02T06:04:05.111+0000] {logging_mixin.py:188} INFO - [2026-05-02T06:04:05.110+0000] {dag.py:3823} INFO - Setting next_dagrun for fraud_buster_etl to None, run_after=None
[2026-05-02T06:04:05.142+0000] {processor.py:183} INFO - Processing /opt/airflow/dags/dag_fraud_etl.py took 0.327 seconds
[2026-05-02T06:04:35.325+0000] {processor.py:161} INFO - Started process (PID=302) to work on /opt/airflow/dags/dag_fraud_etl.py
[2026-05-02T06:04:35.327+0000] {processor.py:830} INFO - Processing file /opt/airflow/dags/dag_fraud_etl.py for tasks to queue
[2026-05-02T06:04:35.328+0000] {logging_mixin.py:188} INFO - [2026-05-02T06:04:35.328+0000] {dagbag.py:538} INFO - Filling up the DagBag from /opt/airflow/dags/dag_fraud_etl.py
[2026-05-02T06:04:35.584+0000] {processor.py:840} INFO - DAG(s) 'fraud_buster_etl' retrieved from /opt/airflow/dags/dag_fraud_etl.py
[2026-05-02T06:04:35.610+0000] {logging_mixin.py:188} INFO - [2026-05-02T06:04:35.609+0000] {dag.py:3036} INFO - Sync 1 DAGs
[2026-05-02T06:04:35.622+0000] {logging_mixin.py:188} INFO - [2026-05-02T06:04:35.621+0000] {dag.py:3823} INFO - Setting next_dagrun for fraud_buster_etl to None, run_after=None
[2026-05-02T06:04:35.637+0000] {processor.py:183} INFO - Processing /opt/airflow/dags/dag_fraud_etl.py took 0.317 seconds
[2026-05-02T06:05:05.813+0000] {processor.py:161} INFO - Started process (PID=308) to work on /opt/airflow/dags/dag_fraud_etl.py
[2026-05-02T06:05:05.814+0000] {processor.py:830} INFO - Processing file /opt/airflow/dags/dag_fraud_etl.py for tasks to queue
[2026-05-02T06:05:05.815+0000] {logging_mixin.py:188} INFO - [2026-05-02T06:05:05.815+0000] {dagbag.py:538} INFO - Filling up the DagBag from /opt/airflow/dags/dag_fraud_etl.py
[2026-05-02T06:05:06.066+0000] {processor.py:840} INFO - DAG(s) 'fraud_buster_etl' retrieved from /opt/airflow/dags/dag_fraud_etl.py
[2026-05-02T06:05:06.090+0000] {logging_mixin.py:188} INFO - [2026-05-02T06:05:06.090+0000] {dag.py:3036} INFO - Sync 1 DAGs
[2026-05-02T06:05:06.106+0000] {logging_mixin.py:188} INFO - [2026-05-02T06:05:06.105+0000] {dag.py:3823} INFO - Setting next_dagrun for fraud_buster_etl to None, run_after=None
[2026-05-02T06:05:06.137+0000] {processor.py:183} INFO - Processing /opt/airflow/dags/dag_fraud_etl.py took 0.330 seconds
[2026-05-02T06:05:36.329+0000] {processor.py:161} INFO - Started process (PID=314) to work on /opt/airflow/dags/dag_fraud_etl.py
[2026-05-02T06:05:36.330+0000] {processor.py:830} INFO - Processing file /opt/airflow/dags/dag_fraud_etl.py for tasks to queue
[2026-05-02T06:05:36.332+0000] {logging_mixin.py:188} INFO - [2026-05-02T06:05:36.331+0000] {dagbag.py:538} INFO - Filling up the DagBag from /opt/airflow/dags/dag_fraud_etl.py
[2026-05-02T06:05:36.593+0000] {processor.py:840} INFO - DAG(s) 'fraud_buster_etl' retrieved from /opt/airflow/dags/dag_fraud_etl.py
[2026-05-02T06:05:36.620+0000] {logging_mixin.py:188} INFO - [2026-05-02T06:05:36.620+0000] {dag.py:3036} INFO - Sync 1 DAGs
[2026-05-02T06:05:36.631+0000] {logging_mixin.py:188} INFO - [2026-05-02T06:05:36.631+0000] {dag.py:3823} INFO - Setting next_dagrun for fraud_buster_etl to None, run_after=None
[2026-05-02T06:05:36.648+0000] {processor.py:183} INFO - Processing /opt/airflow/dags/dag_fraud_etl.py took 0.324 seconds
[2026-05-02T06:06:06.831+0000] {processor.py:161} INFO - Started process (PID=320) to work on /opt/airflow/dags/dag_fraud_etl.py
[2026-05-02T06:06:06.833+0000] {processor.py:830} INFO - Processing file /opt/airflow/dags/dag_fraud_etl.py for tasks to queue
[2026-05-02T06:06:06.834+0000] {logging_mixin.py:188} INFO - [2026-05-02T06:06:06.833+0000] {dagbag.py:538} INFO - Filling up the DagBag from /opt/airflow/dags/dag_fraud_etl.py
[2026-05-02T06:06:07.086+0000] {processor.py:840} INFO - DAG(s) 'fraud_buster_etl' retrieved from /opt/airflow/dags/dag_fraud_etl.py
[2026-05-02T06:06:07.112+0000] {logging_mixin.py:188} INFO - [2026-05-02T06:06:07.112+0000] {dag.py:3036} INFO - Sync 1 DAGs
[2026-05-02T06:06:07.124+0000] {logging_mixin.py:188} INFO - [2026-05-02T06:06:07.123+0000] {dag.py:3823} INFO - Setting next_dagrun for fraud_buster_etl to None, run_after=None
[2026-05-02T06:06:07.138+0000] {processor.py:183} INFO - Processing /opt/airflow/dags/dag_fraud_etl.py took 0.312 seconds
[2026-05-02T06:06:37.310+0000] {processor.py:161} INFO - Started process (PID=326) to work on /opt/airflow/dags/dag_fraud_etl.py
[2026-05-02T06:06:37.312+0000] {processor.py:830} INFO - Processing file /opt/airflow/dags/dag_fraud_etl.py for tasks to queue
[2026-05-02T06:06:37.314+0000] {logging_mixin.py:188} INFO - [2026-05-02T06:06:37.313+0000] {dagbag.py:538} INFO - Filling up the DagBag from /opt/airflow/dags/dag_fraud_etl.py
[2026-05-02T06:06:37.563+0000] {processor.py:840} INFO - DAG(s) 'fraud_buster_etl' retrieved from /opt/airflow/dags/dag_fraud_etl.py
[2026-05-02T06:06:37.589+0000] {logging_mixin.py:188} INFO - [2026-05-02T06:06:37.588+0000] {dag.py:3036} INFO - Sync 1 DAGs
[2026-05-02T06:06:37.598+0000] {logging_mixin.py:188} INFO - [2026-05-02T06:06:37.598+0000] {dag.py:3823} INFO - Setting next_dagrun for fraud_buster_etl to None, run_after=None
[2026-05-02T06:06:37.613+0000] {processor.py:183} INFO - Processing /opt/airflow/dags/dag_fraud_etl.py took 0.308 seconds
[2026-05-02T06:07:07.782+0000] {processor.py:161} INFO - Started process (PID=332) to work on /opt/airflow/dags/dag_fraud_etl.py
[2026-05-02T06:07:07.783+0000] {processor.py:830} INFO - Processing file /opt/airflow/dags/dag_fraud_etl.py for tasks to queue
[2026-05-02T06:07:07.786+0000] {logging_mixin.py:188} INFO - [2026-05-02T06:07:07.785+0000] {dagbag.py:538} INFO - Filling up the DagBag from /opt/airflow/dags/dag_fraud_etl.py
[2026-05-02T06:07:08.050+0000] {processor.py:840} INFO - DAG(s) 'fraud_buster_etl' retrieved from /opt/airflow/dags/dag_fraud_etl.py
[2026-05-02T06:07:08.078+0000] {logging_mixin.py:188} INFO - [2026-05-02T06:07:08.078+0000] {dag.py:3036} INFO - Sync 1 DAGs
[2026-05-02T06:07:08.091+0000] {logging_mixin.py:188} INFO - [2026-05-02T06:07:08.091+0000] {dag.py:3823} INFO - Setting next_dagrun for fraud_buster_etl to None, run_after=None
[2026-05-02T06:07:08.109+0000] {processor.py:183} INFO - Processing /opt/airflow/dags/dag_fraud_etl.py took 0.333 seconds
[2026-05-02T06:07:38.286+0000] {processor.py:161} INFO - Started process (PID=338) to work on /opt/airflow/dags/dag_fraud_etl.py
[2026-05-02T06:07:38.287+0000] {processor.py:830} INFO - Processing file /opt/airflow/dags/dag_fraud_etl.py for tasks to queue
[2026-05-02T06:07:38.289+0000] {logging_mixin.py:188} INFO - [2026-05-02T06:07:38.288+0000] {dagbag.py:538} INFO - Filling up the DagBag from /opt/airflow/dags/dag_fraud_etl.py
[2026-05-02T06:07:38.547+0000] {processor.py:840} INFO - DAG(s) 'fraud_buster_etl' retrieved from /opt/airflow/dags/dag_fraud_etl.py
[2026-05-02T06:07:38.572+0000] {logging_mixin.py:188} INFO - [2026-05-02T06:07:38.571+0000] {dag.py:3036} INFO - Sync 1 DAGs
[2026-05-02T06:07:38.583+0000] {logging_mixin.py:188} INFO - [2026-05-02T06:07:38.582+0000] {dag.py:3823} INFO - Setting next_dagrun for fraud_buster_etl to None, run_after=None
[2026-05-02T06:07:38.596+0000] {processor.py:183} INFO - Processing /opt/airflow/dags/dag_fraud_etl.py took 0.316 seconds
[2026-05-02T06:08:08.781+0000] {processor.py:161} INFO - Started process (PID=344) to work on /opt/airflow/dags/dag_fraud_etl.py
[2026-05-02T06:08:08.783+0000] {processor.py:830} INFO - Processing file /opt/airflow/dags/dag_fraud_etl.py for tasks to queue
[2026-05-02T06:08:08.784+0000] {logging_mixin.py:188} INFO - [2026-05-02T06:08:08.784+0000] {dagbag.py:538} INFO - Filling up the DagBag from /opt/airflow/dags/dag_fraud_etl.py
[2026-05-02T06:08:09.038+0000] {processor.py:840} INFO - DAG(s) 'fraud_buster_etl' retrieved from /opt/airflow/dags/dag_fraud_etl.py
[2026-05-02T06:08:09.063+0000] {logging_mixin.py:188} INFO - [2026-05-02T06:08:09.063+0000] {dag.py:3036} INFO - Sync 1 DAGs
[2026-05-02T06:08:09.074+0000] {logging_mixin.py:188} INFO - [2026-05-02T06:08:09.074+0000] {dag.py:3823} INFO - Setting next_dagrun for fraud_buster_etl to None, run_after=None
[2026-05-02T06:08:09.088+0000] {processor.py:183} INFO - Processing /opt/airflow/dags/dag_fraud_etl.py took 0.313 seconds
[2026-05-02T06:08:39.262+0000] {processor.py:161} INFO - Started process (PID=350) to work on /opt/airflow/dags/dag_fraud_etl.py
[2026-05-02T06:08:39.264+0000] {processor.py:830} INFO - Processing file /opt/airflow/dags/dag_fraud_etl.py for tasks to queue
[2026-05-02T06:08:39.265+0000] {logging_mixin.py:188} INFO - [2026-05-02T06:08:39.265+0000] {dagbag.py:538} INFO - Filling up the DagBag from /opt/airflow/dags/dag_fraud_etl.py
[2026-05-02T06:08:39.513+0000] {processor.py:840} INFO - DAG(s) 'fraud_buster_etl' retrieved from /opt/airflow/dags/dag_fraud_etl.py
[2026-05-02T06:08:39.540+0000] {logging_mixin.py:188} INFO - [2026-05-02T06:08:39.540+0000] {dag.py:3036} INFO - Sync 1 DAGs
[2026-05-02T06:08:39.557+0000] {logging_mixin.py:188} INFO - [2026-05-02T06:08:39.557+0000] {dag.py:3823} INFO - Setting next_dagrun for fraud_buster_etl to None, run_after=None
[2026-05-02T06:08:39.581+0000] {processor.py:183} INFO - Processing /opt/airflow/dags/dag_fraud_etl.py took 0.323 seconds
[2026-05-02T06:09:09.760+0000] {processor.py:161} INFO - Started process (PID=356) to work on /opt/airflow/dags/dag_fraud_etl.py
[2026-05-02T06:09:09.762+0000] {processor.py:830} INFO - Processing file /opt/airflow/dags/dag_fraud_etl.py for tasks to queue
[2026-05-02T06:09:09.764+0000] {logging_mixin.py:188} INFO - [2026-05-02T06:09:09.763+0000] {dagbag.py:538} INFO - Filling up the DagBag from /opt/airflow/dags/dag_fraud_etl.py
[2026-05-02T06:09:10.023+0000] {processor.py:840} INFO - DAG(s) 'fraud_buster_etl' retrieved from /opt/airflow/dags/dag_fraud_etl.py
[2026-05-02T06:09:10.049+0000] {logging_mixin.py:188} INFO - [2026-05-02T06:09:10.049+0000] {dag.py:3036} INFO - Sync 1 DAGs
[2026-05-02T06:09:10.058+0000] {logging_mixin.py:188} INFO - [2026-05-02T06:09:10.058+0000] {dag.py:3823} INFO - Setting next_dagrun for fraud_buster_etl to None, run_after=None
[2026-05-02T06:09:10.073+0000] {processor.py:183} INFO - Processing /opt/airflow/dags/dag_fraud_etl.py took 0.320 seconds
[2026-05-02T06:09:40.234+0000] {processor.py:161} INFO - Started process (PID=362) to work on /opt/airflow/dags/dag_fraud_etl.py
[2026-05-02T06:09:40.235+0000] {processor.py:830} INFO - Processing file /opt/airflow/dags/dag_fraud_etl.py for tasks to queue
[2026-05-02T06:09:40.236+0000] {logging_mixin.py:188} INFO - [2026-05-02T06:09:40.235+0000] {dagbag.py:538} INFO - Filling up the DagBag from /opt/airflow/dags/dag_fraud_etl.py
[2026-05-02T06:09:40.474+0000] {processor.py:840} INFO - DAG(s) 'fraud_buster_etl' retrieved from /opt/airflow/dags/dag_fraud_etl.py
[2026-05-02T06:09:40.499+0000] {logging_mixin.py:188} INFO - [2026-05-02T06:09:40.498+0000] {dag.py:3036} INFO - Sync 1 DAGs
[2026-05-02T06:09:40.508+0000] {logging_mixin.py:188} INFO - [2026-05-02T06:09:40.508+0000] {dag.py:3823} INFO - Setting next_dagrun for fraud_buster_etl to None, run_after=None
[2026-05-02T06:09:40.526+0000] {processor.py:183} INFO - Processing /opt/airflow/dags/dag_fraud_etl.py took 0.294 seconds
[2026-05-02T06:10:10.690+0000] {processor.py:161} INFO - Started process (PID=368) to work on /opt/airflow/dags/dag_fraud_etl.py
[2026-05-02T06:10:10.691+0000] {processor.py:830} INFO - Processing file /opt/airflow/dags/dag_fraud_etl.py for tasks to queue
[2026-05-02T06:10:10.692+0000] {logging_mixin.py:188} INFO - [2026-05-02T06:10:10.691+0000] {dagbag.py:538} INFO - Filling up the DagBag from /opt/airflow/dags/dag_fraud_etl.py
[2026-05-02T06:10:11.048+0000] {processor.py:840} INFO - DAG(s) 'fraud_buster_etl' retrieved from /opt/airflow/dags/dag_fraud_etl.py
[2026-05-02T06:10:11.086+0000] {logging_mixin.py:188} INFO - [2026-05-02T06:10:11.086+0000] {dag.py:3036} INFO - Sync 1 DAGs
[2026-05-02T06:10:11.103+0000] {logging_mixin.py:188} INFO - [2026-05-02T06:10:11.103+0000] {dag.py:3823} INFO - Setting next_dagrun for fraud_buster_etl to None, run_after=None
[2026-05-02T06:10:11.128+0000] {processor.py:183} INFO - Processing /opt/airflow/dags/dag_fraud_etl.py took 0.441 seconds
[2026-05-02T06:10:41.289+0000] {processor.py:161} INFO - Started process (PID=374) to work on /opt/airflow/dags/dag_fraud_etl.py
[2026-05-02T06:10:41.290+0000] {processor.py:830} INFO - Processing file /opt/airflow/dags/dag_fraud_etl.py for tasks to queue
[2026-05-02T06:10:41.291+0000] {logging_mixin.py:188} INFO - [2026-05-02T06:10:41.291+0000] {dagbag.py:538} INFO - Filling up the DagBag from /opt/airflow/dags/dag_fraud_etl.py
[2026-05-02T06:10:41.533+0000] {processor.py:840} INFO - DAG(s) 'fraud_buster_etl' retrieved from /opt/airflow/dags/dag_fraud_etl.py
[2026-05-02T06:10:41.560+0000] {logging_mixin.py:188} INFO - [2026-05-02T06:10:41.560+0000] {dag.py:3036} INFO - Sync 1 DAGs
[2026-05-02T06:10:41.570+0000] {logging_mixin.py:188} INFO - [2026-05-02T06:10:41.570+0000] {dag.py:3823} INFO - Setting next_dagrun for fraud_buster_etl to None, run_after=None
[2026-05-02T06:10:41.585+0000] {processor.py:183} INFO - Processing /opt/airflow/dags/dag_fraud_etl.py took 0.299 seconds
[2026-05-02T06:11:11.771+0000] {processor.py:161} INFO - Started process (PID=380) to work on /opt/airflow/dags/dag_fraud_etl.py
[2026-05-02T06:11:11.773+0000] {processor.py:830} INFO - Processing file /opt/airflow/dags/dag_fraud_etl.py for tasks to queue
[2026-05-02T06:11:11.775+0000] {logging_mixin.py:188} INFO - [2026-05-02T06:11:11.774+0000] {dagbag.py:538} INFO - Filling up the DagBag from /opt/airflow/dags/dag_fraud_etl.py
[2026-05-02T06:11:12.219+0000] {processor.py:840} INFO - DAG(s) 'fraud_buster_etl' retrieved from /opt/airflow/dags/dag_fraud_etl.py
[2026-05-02T06:11:12.256+0000] {logging_mixin.py:188} INFO - [2026-05-02T06:11:12.255+0000] {dag.py:3036} INFO - Sync 1 DAGs
[2026-05-02T06:11:12.270+0000] {logging_mixin.py:188} INFO - [2026-05-02T06:11:12.270+0000] {dag.py:3823} INFO - Setting next_dagrun for fraud_buster_etl to None, run_after=None
[2026-05-02T06:11:12.290+0000] {processor.py:183} INFO - Processing /opt/airflow/dags/dag_fraud_etl.py took 0.525 seconds
[2026-05-02T06:11:42.484+0000] {processor.py:161} INFO - Started process (PID=386) to work on /opt/airflow/dags/dag_fraud_etl.py
[2026-05-02T06:11:42.486+0000] {processor.py:830} INFO - Processing file /opt/airflow/dags/dag_fraud_etl.py for tasks to queue
[2026-05-02T06:11:42.487+0000] {logging_mixin.py:188} INFO - [2026-05-02T06:11:42.486+0000] {dagbag.py:538} INFO - Filling up the DagBag from /opt/airflow/dags/dag_fraud_etl.py
[2026-05-02T06:11:42.867+0000] {processor.py:840} INFO - DAG(s) 'fraud_buster_etl' retrieved from /opt/airflow/dags/dag_fraud_etl.py
[2026-05-02T06:11:42.890+0000] {logging_mixin.py:188} INFO - [2026-05-02T06:11:42.890+0000] {dag.py:3036} INFO - Sync 1 DAGs
[2026-05-02T06:11:42.899+0000] {logging_mixin.py:188} INFO - [2026-05-02T06:11:42.899+0000] {dag.py:3823} INFO - Setting next_dagrun for fraud_buster_etl to None, run_after=None
[2026-05-02T06:11:42.913+0000] {processor.py:183} INFO - Processing /opt/airflow/dags/dag_fraud_etl.py took 0.434 seconds
[2026-05-02T06:12:13.094+0000] {processor.py:161} INFO - Started process (PID=392) to work on /opt/airflow/dags/dag_fraud_etl.py
[2026-05-02T06:12:13.096+0000] {processor.py:830} INFO - Processing file /opt/airflow/dags/dag_fraud_etl.py for tasks to queue
[2026-05-02T06:12:13.097+0000] {logging_mixin.py:188} INFO - [2026-05-02T06:12:13.097+0000] {dagbag.py:538} INFO - Filling up the DagBag from /opt/airflow/dags/dag_fraud_etl.py
[2026-05-02T06:12:13.363+0000] {processor.py:840} INFO - DAG(s) 'fraud_buster_etl' retrieved from /opt/airflow/dags/dag_fraud_etl.py
[2026-05-02T06:12:13.511+0000] {logging_mixin.py:188} INFO - [2026-05-02T06:12:13.511+0000] {dag.py:3036} INFO - Sync 1 DAGs
[2026-05-02T06:12:13.521+0000] {logging_mixin.py:188} INFO - [2026-05-02T06:12:13.521+0000] {dag.py:3823} INFO - Setting next_dagrun for fraud_buster_etl to None, run_after=None
[2026-05-02T06:12:13.539+0000] {processor.py:183} INFO - Processing /opt/airflow/dags/dag_fraud_etl.py took 0.449 seconds
[2026-05-02T06:12:43.721+0000] {processor.py:161} INFO - Started process (PID=398) to work on /opt/airflow/dags/dag_fraud_etl.py
[2026-05-02T06:12:43.723+0000] {processor.py:830} INFO - Processing file /opt/airflow/dags/dag_fraud_etl.py for tasks to queue
[2026-05-02T06:12:43.724+0000] {logging_mixin.py:188} INFO - [2026-05-02T06:12:43.723+0000] {dagbag.py:538} INFO - Filling up the DagBag from /opt/airflow/dags/dag_fraud_etl.py
[2026-05-02T06:12:43.983+0000] {processor.py:840} INFO - DAG(s) 'fraud_buster_etl' retrieved from /opt/airflow/dags/dag_fraud_etl.py
[2026-05-02T06:12:44.122+0000] {logging_mixin.py:188} INFO - [2026-05-02T06:12:44.121+0000] {dag.py:3036} INFO - Sync 1 DAGs
[2026-05-02T06:12:44.131+0000] {logging_mixin.py:188} INFO - [2026-05-02T06:12:44.131+0000] {dag.py:3823} INFO - Setting next_dagrun for fraud_buster_etl to None, run_after=None
[2026-05-02T06:12:44.147+0000] {processor.py:183} INFO - Processing /opt/airflow/dags/dag_fraud_etl.py took 0.431 seconds
[2026-05-02T06:13:14.336+0000] {processor.py:161} INFO - Started process (PID=404) to work on /opt/airflow/dags/dag_fraud_etl.py
[2026-05-02T06:13:14.338+0000] {processor.py:830} INFO - Processing file /opt/airflow/dags/dag_fraud_etl.py for tasks to queue
[2026-05-02T06:13:14.340+0000] {logging_mixin.py:188} INFO - [2026-05-02T06:13:14.339+0000] {dagbag.py:538} INFO - Filling up the DagBag from /opt/airflow/dags/dag_fraud_etl.py
[2026-05-02T06:13:14.734+0000] {processor.py:840} INFO - DAG(s) 'fraud_buster_etl' retrieved from /opt/airflow/dags/dag_fraud_etl.py
[2026-05-02T06:13:14.759+0000] {logging_mixin.py:188} INFO - [2026-05-02T06:13:14.759+0000] {dag.py:3036} INFO - Sync 1 DAGs
[2026-05-02T06:13:14.771+0000] {logging_mixin.py:188} INFO - [2026-05-02T06:13:14.771+0000] {dag.py:3823} INFO - Setting next_dagrun for fraud_buster_etl to None, run_after=None
[2026-05-02T06:13:14.785+0000] {processor.py:183} INFO - Processing /opt/airflow/dags/dag_fraud_etl.py took 0.457 seconds
[2026-05-02T06:13:44.968+0000] {processor.py:161} INFO - Started process (PID=410) to work on /opt/airflow/dags/dag_fraud_etl.py
[2026-05-02T06:13:44.970+0000] {processor.py:830} INFO - Processing file /opt/airflow/dags/dag_fraud_etl.py for tasks to queue
[2026-05-02T06:13:44.971+0000] {logging_mixin.py:188} INFO - [2026-05-02T06:13:44.971+0000] {dagbag.py:538} INFO - Filling up the DagBag from /opt/airflow/dags/dag_fraud_etl.py
[2026-05-02T06:13:45.357+0000] {processor.py:840} INFO - DAG(s) 'fraud_buster_etl' retrieved from /opt/airflow/dags/dag_fraud_etl.py
[2026-05-02T06:13:45.384+0000] {logging_mixin.py:188} INFO - [2026-05-02T06:13:45.384+0000] {dag.py:3036} INFO - Sync 1 DAGs
[2026-05-02T06:13:45.393+0000] {logging_mixin.py:188} INFO - [2026-05-02T06:13:45.393+0000] {dag.py:3823} INFO - Setting next_dagrun for fraud_buster_etl to None, run_after=None
[2026-05-02T06:13:45.408+0000] {processor.py:183} INFO - Processing /opt/airflow/dags/dag_fraud_etl.py took 0.445 seconds
[2026-05-02T06:14:15.615+0000] {processor.py:161} INFO - Started process (PID=416) to work on /opt/airflow/dags/dag_fraud_etl.py
[2026-05-02T06:14:15.617+0000] {processor.py:830} INFO - Processing file /opt/airflow/dags/dag_fraud_etl.py for tasks to queue
[2026-05-02T06:14:15.618+0000] {logging_mixin.py:188} INFO - [2026-05-02T06:14:15.618+0000] {dagbag.py:538} INFO - Filling up the DagBag from /opt/airflow/dags/dag_fraud_etl.py
[2026-05-02T06:14:16.027+0000] {processor.py:840} INFO - DAG(s) 'fraud_buster_etl' retrieved from /opt/airflow/dags/dag_fraud_etl.py
[2026-05-02T06:14:16.051+0000] {logging_mixin.py:188} INFO - [2026-05-02T06:14:16.050+0000] {dag.py:3036} INFO - Sync 1 DAGs
[2026-05-02T06:14:16.061+0000] {logging_mixin.py:188} INFO - [2026-05-02T06:14:16.061+0000] {dag.py:3823} INFO - Setting next_dagrun for fraud_buster_etl to None, run_after=None
[2026-05-02T06:14:16.077+0000] {processor.py:183} INFO - Processing /opt/airflow/dags/dag_fraud_etl.py took 0.467 seconds
[2026-05-02T06:14:46.266+0000] {processor.py:161} INFO - Started process (PID=422) to work on /opt/airflow/dags/dag_fraud_etl.py
[2026-05-02T06:14:46.267+0000] {processor.py:830} INFO - Processing file /opt/airflow/dags/dag_fraud_etl.py for tasks to queue
[2026-05-02T06:14:46.269+0000] {logging_mixin.py:188} INFO - [2026-05-02T06:14:46.269+0000] {dagbag.py:538} INFO - Filling up the DagBag from /opt/airflow/dags/dag_fraud_etl.py
[2026-05-02T06:14:46.710+0000] {processor.py:840} INFO - DAG(s) 'fraud_buster_etl' retrieved from /opt/airflow/dags/dag_fraud_etl.py
[2026-05-02T06:14:46.735+0000] {logging_mixin.py:188} INFO - [2026-05-02T06:14:46.734+0000] {dag.py:3036} INFO - Sync 1 DAGs
[2026-05-02T06:14:46.749+0000] {logging_mixin.py:188} INFO - [2026-05-02T06:14:46.749+0000] {dag.py:3823} INFO - Setting next_dagrun for fraud_buster_etl to None, run_after=None
[2026-05-02T06:14:46.777+0000] {processor.py:183} INFO - Processing /opt/airflow/dags/dag_fraud_etl.py took 0.518 seconds
[2026-05-02T06:15:16.938+0000] {processor.py:161} INFO - Started process (PID=428) to work on /opt/airflow/dags/dag_fraud_etl.py
[2026-05-02T06:15:16.940+0000] {processor.py:830} INFO - Processing file /opt/airflow/dags/dag_fraud_etl.py for tasks to queue
[2026-05-02T06:15:16.941+0000] {logging_mixin.py:188} INFO - [2026-05-02T06:15:16.941+0000] {dagbag.py:538} INFO - Filling up the DagBag from /opt/airflow/dags/dag_fraud_etl.py
[2026-05-02T06:15:17.369+0000] {processor.py:840} INFO - DAG(s) 'fraud_buster_etl' retrieved from /opt/airflow/dags/dag_fraud_etl.py
[2026-05-02T06:15:17.394+0000] {logging_mixin.py:188} INFO - [2026-05-02T06:15:17.394+0000] {dag.py:3036} INFO - Sync 1 DAGs
[2026-05-02T06:15:17.405+0000] {logging_mixin.py:188} INFO - [2026-05-02T06:15:17.405+0000] {dag.py:3823} INFO - Setting next_dagrun for fraud_buster_etl to None, run_after=None
[2026-05-02T06:15:17.423+0000] {processor.py:183} INFO - Processing /opt/airflow/dags/dag_fraud_etl.py took 0.491 seconds
[2026-05-02T06:15:47.595+0000] {processor.py:161} INFO - Started process (PID=434) to work on /opt/airflow/dags/dag_fraud_etl.py
[2026-05-02T06:15:47.597+0000] {processor.py:830} INFO - Processing file /opt/airflow/dags/dag_fraud_etl.py for tasks to queue
[2026-05-02T06:15:47.599+0000] {logging_mixin.py:188} INFO - [2026-05-02T06:15:47.598+0000] {dagbag.py:538} INFO - Filling up the DagBag from /opt/airflow/dags/dag_fraud_etl.py
[2026-05-02T06:15:47.963+0000] {processor.py:840} INFO - DAG(s) 'fraud_buster_etl' retrieved from /opt/airflow/dags/dag_fraud_etl.py
[2026-05-02T06:15:47.987+0000] {logging_mixin.py:188} INFO - [2026-05-02T06:15:47.986+0000] {dag.py:3036} INFO - Sync 1 DAGs
[2026-05-02T06:15:48.001+0000] {logging_mixin.py:188} INFO - [2026-05-02T06:15:48.000+0000] {dag.py:3823} INFO - Setting next_dagrun for fraud_buster_etl to None, run_after=None
[2026-05-02T06:15:48.028+0000] {processor.py:183} INFO - Processing /opt/airflow/dags/dag_fraud_etl.py took 0.437 seconds
[2026-05-02T06:16:18.226+0000] {processor.py:161} INFO - Started process (PID=440) to work on /opt/airflow/dags/dag_fraud_etl.py
[2026-05-02T06:16:18.227+0000] {processor.py:830} INFO - Processing file /opt/airflow/dags/dag_fraud_etl.py for tasks to queue
[2026-05-02T06:16:18.228+0000] {logging_mixin.py:188} INFO - [2026-05-02T06:16:18.228+0000] {dagbag.py:538} INFO - Filling up the DagBag from /opt/airflow/dags/dag_fraud_etl.py
[2026-05-02T06:16:18.580+0000] {processor.py:840} INFO - DAG(s) 'fraud_buster_etl' retrieved from /opt/airflow/dags/dag_fraud_etl.py
[2026-05-02T06:16:18.603+0000] {logging_mixin.py:188} INFO - [2026-05-02T06:16:18.603+0000] {dag.py:3036} INFO - Sync 1 DAGs
[2026-05-02T06:16:18.614+0000] {logging_mixin.py:188} INFO - [2026-05-02T06:16:18.613+0000] {dag.py:3823} INFO - Setting next_dagrun for fraud_buster_etl to None, run_after=None
[2026-05-02T06:16:18.628+0000] {processor.py:183} INFO - Processing /opt/airflow/dags/dag_fraud_etl.py took 0.408 seconds
[2026-05-02T06:16:48.810+0000] {processor.py:161} INFO - Started process (PID=446) to work on /opt/airflow/dags/dag_fraud_etl.py
[2026-05-02T06:16:48.812+0000] {processor.py:830} INFO - Processing file /opt/airflow/dags/dag_fraud_etl.py for tasks to queue
[2026-05-02T06:16:48.813+0000] {logging_mixin.py:188} INFO - [2026-05-02T06:16:48.812+0000] {dagbag.py:538} INFO - Filling up the DagBag from /opt/airflow/dags/dag_fraud_etl.py
[2026-05-02T06:16:49.177+0000] {processor.py:840} INFO - DAG(s) 'fraud_buster_etl' retrieved from /opt/airflow/dags/dag_fraud_etl.py
[2026-05-02T06:16:49.200+0000] {logging_mixin.py:188} INFO - [2026-05-02T06:16:49.199+0000] {dag.py:3036} INFO - Sync 1 DAGs
[2026-05-02T06:16:49.208+0000] {logging_mixin.py:188} INFO - [2026-05-02T06:16:49.208+0000] {dag.py:3823} INFO - Setting next_dagrun for fraud_buster_etl to None, run_after=None
[2026-05-02T06:16:49.222+0000] {processor.py:183} INFO - Processing /opt/airflow/dags/dag_fraud_etl.py took 0.418 seconds
[2026-05-02T06:17:19.430+0000] {processor.py:161} INFO - Started process (PID=452) to work on /opt/airflow/dags/dag_fraud_etl.py
[2026-05-02T06:17:19.432+0000] {processor.py:830} INFO - Processing file /opt/airflow/dags/dag_fraud_etl.py for tasks to queue
[2026-05-02T06:17:19.433+0000] {logging_mixin.py:188} INFO - [2026-05-02T06:17:19.432+0000] {dagbag.py:538} INFO - Filling up the DagBag from /opt/airflow/dags/dag_fraud_etl.py
[2026-05-02T06:17:19.800+0000] {processor.py:840} INFO - DAG(s) 'fraud_buster_etl' retrieved from /opt/airflow/dags/dag_fraud_etl.py
[2026-05-02T06:17:19.822+0000] {logging_mixin.py:188} INFO - [2026-05-02T06:17:19.822+0000] {dag.py:3036} INFO - Sync 1 DAGs
[2026-05-02T06:17:19.831+0000] {logging_mixin.py:188} INFO - [2026-05-02T06:17:19.831+0000] {dag.py:3823} INFO - Setting next_dagrun for fraud_buster_etl to None, run_after=None
[2026-05-02T06:17:19.846+0000] {processor.py:183} INFO - Processing /opt/airflow/dags/dag_fraud_etl.py took 0.421 seconds
[2026-05-02T06:17:50.014+0000] {processor.py:161} INFO - Started process (PID=458) to work on /opt/airflow/dags/dag_fraud_etl.py
[2026-05-02T06:17:50.015+0000] {processor.py:830} INFO - Processing file /opt/airflow/dags/dag_fraud_etl.py for tasks to queue
[2026-05-02T06:17:50.016+0000] {logging_mixin.py:188} INFO - [2026-05-02T06:17:50.016+0000] {dagbag.py:538} INFO - Filling up the DagBag from /opt/airflow/dags/dag_fraud_etl.py
[2026-05-02T06:17:50.381+0000] {processor.py:840} INFO - DAG(s) 'fraud_buster_etl' retrieved from /opt/airflow/dags/dag_fraud_etl.py
[2026-05-02T06:17:50.408+0000] {logging_mixin.py:188} INFO - [2026-05-02T06:17:50.408+0000] {dag.py:3036} INFO - Sync 1 DAGs
[2026-05-02T06:17:50.422+0000] {logging_mixin.py:188} INFO - [2026-05-02T06:17:50.422+0000] {dag.py:3823} INFO - Setting next_dagrun for fraud_buster_etl to None, run_after=None
[2026-05-02T06:17:50.451+0000] {processor.py:183} INFO - Processing /opt/airflow/dags/dag_fraud_etl.py took 0.440 seconds
[2026-05-02T06:18:20.652+0000] {processor.py:161} INFO - Started process (PID=464) to work on /opt/airflow/dags/dag_fraud_etl.py
[2026-05-02T06:18:20.653+0000] {processor.py:830} INFO - Processing file /opt/airflow/dags/dag_fraud_etl.py for tasks to queue
[2026-05-02T06:18:20.654+0000] {logging_mixin.py:188} INFO - [2026-05-02T06:18:20.654+0000] {dagbag.py:538} INFO - Filling up the DagBag from /opt/airflow/dags/dag_fraud_etl.py
[2026-05-02T06:18:21.012+0000] {processor.py:840} INFO - DAG(s) 'fraud_buster_etl' retrieved from /opt/airflow/dags/dag_fraud_etl.py
[2026-05-02T06:18:21.036+0000] {logging_mixin.py:188} INFO - [2026-05-02T06:18:21.035+0000] {dag.py:3036} INFO - Sync 1 DAGs
[2026-05-02T06:18:21.048+0000] {logging_mixin.py:188} INFO - [2026-05-02T06:18:21.048+0000] {dag.py:3823} INFO - Setting next_dagrun for fraud_buster_etl to None, run_after=None
[2026-05-02T06:18:21.076+0000] {processor.py:183} INFO - Processing /opt/airflow/dags/dag_fraud_etl.py took 0.429 seconds
[2026-05-02T06:18:51.270+0000] {processor.py:161} INFO - Started process (PID=470) to work on /opt/airflow/dags/dag_fraud_etl.py
[2026-05-02T06:18:51.271+0000] {processor.py:830} INFO - Processing file /opt/airflow/dags/dag_fraud_etl.py for tasks to queue
[2026-05-02T06:18:51.273+0000] {logging_mixin.py:188} INFO - [2026-05-02T06:18:51.272+0000] {dagbag.py:538} INFO - Filling up the DagBag from /opt/airflow/dags/dag_fraud_etl.py
[2026-05-02T06:18:51.671+0000] {processor.py:840} INFO - DAG(s) 'fraud_buster_etl' retrieved from /opt/airflow/dags/dag_fraud_etl.py
[2026-05-02T06:18:51.701+0000] {logging_mixin.py:188} INFO - [2026-05-02T06:18:51.700+0000] {dag.py:3036} INFO - Sync 1 DAGs
[2026-05-02T06:18:51.713+0000] {logging_mixin.py:188} INFO - [2026-05-02T06:18:51.713+0000] {dag.py:3823} INFO - Setting next_dagrun for fraud_buster_etl to None, run_after=None
[2026-05-02T06:18:51.730+0000] {processor.py:183} INFO - Processing /opt/airflow/dags/dag_fraud_etl.py took 0.466 seconds
[2026-05-02T06:19:21.929+0000] {processor.py:161} INFO - Started process (PID=476) to work on /opt/airflow/dags/dag_fraud_etl.py
[2026-05-02T06:19:21.930+0000] {processor.py:830} INFO - Processing file /opt/airflow/dags/dag_fraud_etl.py for tasks to queue
[2026-05-02T06:19:21.932+0000] {logging_mixin.py:188} INFO - [2026-05-02T06:19:21.931+0000] {dagbag.py:538} INFO - Filling up the DagBag from /opt/airflow/dags/dag_fraud_etl.py
[2026-05-02T06:19:22.296+0000] {processor.py:840} INFO - DAG(s) 'fraud_buster_etl' retrieved from /opt/airflow/dags/dag_fraud_etl.py
[2026-05-02T06:19:22.319+0000] {logging_mixin.py:188} INFO - [2026-05-02T06:19:22.319+0000] {dag.py:3036} INFO - Sync 1 DAGs
[2026-05-02T06:19:22.328+0000] {logging_mixin.py:188} INFO - [2026-05-02T06:19:22.328+0000] {dag.py:3823} INFO - Setting next_dagrun for fraud_buster_etl to None, run_after=None
[2026-05-02T06:19:22.342+0000] {processor.py:183} INFO - Processing /opt/airflow/dags/dag_fraud_etl.py took 0.418 seconds
[2026-05-02T06:19:52.660+0000] {processor.py:161} INFO - Started process (PID=482) to work on /opt/airflow/dags/dag_fraud_etl.py
[2026-05-02T06:19:52.661+0000] {processor.py:830} INFO - Processing file /opt/airflow/dags/dag_fraud_etl.py for tasks to queue
[2026-05-02T06:19:52.662+0000] {logging_mixin.py:188} INFO - [2026-05-02T06:19:52.661+0000] {dagbag.py:538} INFO - Filling up the DagBag from /opt/airflow/dags/dag_fraud_etl.py
[2026-05-02T06:19:52.953+0000] {processor.py:840} INFO - DAG(s) 'fraud_buster_etl' retrieved from /opt/airflow/dags/dag_fraud_etl.py
[2026-05-02T06:19:52.980+0000] {logging_mixin.py:188} INFO - [2026-05-02T06:19:52.979+0000] {dag.py:3036} INFO - Sync 1 DAGs
[2026-05-02T06:19:52.994+0000] {logging_mixin.py:188} INFO - [2026-05-02T06:19:52.994+0000] {dag.py:3823} INFO - Setting next_dagrun for fraud_buster_etl to None, run_after=None
[2026-05-02T06:19:53.012+0000] {processor.py:183} INFO - Processing /opt/airflow/dags/dag_fraud_etl.py took 0.354 seconds
[2026-05-02T06:20:23.189+0000] {processor.py:161} INFO - Started process (PID=488) to work on /opt/airflow/dags/dag_fraud_etl.py
[2026-05-02T06:20:23.190+0000] {processor.py:830} INFO - Processing file /opt/airflow/dags/dag_fraud_etl.py for tasks to queue
[2026-05-02T06:20:23.191+0000] {logging_mixin.py:188} INFO - [2026-05-02T06:20:23.191+0000] {dagbag.py:538} INFO - Filling up the DagBag from /opt/airflow/dags/dag_fraud_etl.py
[2026-05-02T06:20:23.474+0000] {processor.py:840} INFO - DAG(s) 'fraud_buster_etl' retrieved from /opt/airflow/dags/dag_fraud_etl.py
[2026-05-02T06:20:23.503+0000] {logging_mixin.py:188} INFO - [2026-05-02T06:20:23.502+0000] {dag.py:3036} INFO - Sync 1 DAGs
[2026-05-02T06:20:23.517+0000] {logging_mixin.py:188} INFO - [2026-05-02T06:20:23.517+0000] {dag.py:3823} INFO - Setting next_dagrun for fraud_buster_etl to None, run_after=None
[2026-05-02T06:20:23.534+0000] {processor.py:183} INFO - Processing /opt/airflow/dags/dag_fraud_etl.py took 0.351 seconds
[2026-05-02T06:20:53.716+0000] {processor.py:161} INFO - Started process (PID=494) to work on /opt/airflow/dags/dag_fraud_etl.py
[2026-05-02T06:20:53.719+0000] {processor.py:830} INFO - Processing file /opt/airflow/dags/dag_fraud_etl.py for tasks to queue
[2026-05-02T06:20:53.720+0000] {logging_mixin.py:188} INFO - [2026-05-02T06:20:53.719+0000] {dagbag.py:538} INFO - Filling up the DagBag from /opt/airflow/dags/dag_fraud_etl.py
[2026-05-02T06:20:54.019+0000] {processor.py:840} INFO - DAG(s) 'fraud_buster_etl' retrieved from /opt/airflow/dags/dag_fraud_etl.py
[2026-05-02T06:20:54.050+0000] {logging_mixin.py:188} INFO - [2026-05-02T06:20:54.049+0000] {dag.py:3036} INFO - Sync 1 DAGs
[2026-05-02T06:20:54.062+0000] {logging_mixin.py:188} INFO - [2026-05-02T06:20:54.062+0000] {dag.py:3823} INFO - Setting next_dagrun for fraud_buster_etl to None, run_after=None
[2026-05-02T06:20:54.081+0000] {processor.py:183} INFO - Processing /opt/airflow/dags/dag_fraud_etl.py took 0.371 seconds
[2026-05-02T06:21:24.242+0000] {processor.py:161} INFO - Started process (PID=500) to work on /opt/airflow/dags/dag_fraud_etl.py
[2026-05-02T06:21:24.243+0000] {processor.py:830} INFO - Processing file /opt/airflow/dags/dag_fraud_etl.py for tasks to queue
[2026-05-02T06:21:24.243+0000] {logging_mixin.py:188} INFO - [2026-05-02T06:21:24.243+0000] {dagbag.py:538} INFO - Filling up the DagBag from /opt/airflow/dags/dag_fraud_etl.py
[2026-05-02T06:21:24.497+0000] {processor.py:840} INFO - DAG(s) 'fraud_buster_etl' retrieved from /opt/airflow/dags/dag_fraud_etl.py
[2026-05-02T06:21:24.529+0000] {logging_mixin.py:188} INFO - [2026-05-02T06:21:24.528+0000] {dag.py:3036} INFO - Sync 1 DAGs
[2026-05-02T06:21:24.542+0000] {logging_mixin.py:188} INFO - [2026-05-02T06:21:24.542+0000] {dag.py:3823} INFO - Setting next_dagrun for fraud_buster_etl to None, run_after=None
[2026-05-02T06:21:24.562+0000] {processor.py:183} INFO - Processing /opt/airflow/dags/dag_fraud_etl.py took 0.323 seconds
[2026-05-02T06:21:54.746+0000] {processor.py:161} INFO - Started process (PID=506) to work on /opt/airflow/dags/dag_fraud_etl.py
[2026-05-02T06:21:54.748+0000] {processor.py:830} INFO - Processing file /opt/airflow/dags/dag_fraud_etl.py for tasks to queue
[2026-05-02T06:21:54.749+0000] {logging_mixin.py:188} INFO - [2026-05-02T06:21:54.749+0000] {dagbag.py:538} INFO - Filling up the DagBag from /opt/airflow/dags/dag_fraud_etl.py
[2026-05-02T06:21:55.080+0000] {processor.py:840} INFO - DAG(s) 'fraud_buster_etl' retrieved from /opt/airflow/dags/dag_fraud_etl.py
[2026-05-02T06:21:55.110+0000] {logging_mixin.py:188} INFO - [2026-05-02T06:21:55.110+0000] {dag.py:3036} INFO - Sync 1 DAGs
[2026-05-02T06:21:55.122+0000] {logging_mixin.py:188} INFO - [2026-05-02T06:21:55.122+0000] {dag.py:3823} INFO - Setting next_dagrun for fraud_buster_etl to None, run_after=None
[2026-05-02T06:21:55.140+0000] {processor.py:183} INFO - Processing /opt/airflow/dags/dag_fraud_etl.py took 0.400 seconds
[2026-05-02T06:22:25.334+0000] {processor.py:161} INFO - Started process (PID=512) to work on /opt/airflow/dags/dag_fraud_etl.py
[2026-05-02T06:22:25.336+0000] {processor.py:830} INFO - Processing file /opt/airflow/dags/dag_fraud_etl.py for tasks to queue
[2026-05-02T06:22:25.338+0000] {logging_mixin.py:188} INFO - [2026-05-02T06:22:25.337+0000] {dagbag.py:538} INFO - Filling up the DagBag from /opt/airflow/dags/dag_fraud_etl.py
[2026-05-02T06:22:25.615+0000] {processor.py:840} INFO - DAG(s) 'fraud_buster_etl' retrieved from /opt/airflow/dags/dag_fraud_etl.py
[2026-05-02T06:22:25.644+0000] {logging_mixin.py:188} INFO - [2026-05-02T06:22:25.643+0000] {dag.py:3036} INFO - Sync 1 DAGs
[2026-05-02T06:22:25.656+0000] {logging_mixin.py:188} INFO - [2026-05-02T06:22:25.656+0000] {dag.py:3823} INFO - Setting next_dagrun for fraud_buster_etl to None, run_after=None
[2026-05-02T06:22:25.674+0000] {processor.py:183} INFO - Processing /opt/airflow/dags/dag_fraud_etl.py took 0.347 seconds
[2026-05-02T06:22:55.854+0000] {processor.py:161} INFO - Started process (PID=518) to work on /opt/airflow/dags/dag_fraud_etl.py
[2026-05-02T06:22:55.855+0000] {processor.py:830} INFO - Processing file /opt/airflow/dags/dag_fraud_etl.py for tasks to queue
[2026-05-02T06:22:55.856+0000] {logging_mixin.py:188} INFO - [2026-05-02T06:22:55.856+0000] {dagbag.py:538} INFO - Filling up the DagBag from /opt/airflow/dags/dag_fraud_etl.py
[2026-05-02T06:22:56.108+0000] {processor.py:840} INFO - DAG(s) 'fraud_buster_etl' retrieved from /opt/airflow/dags/dag_fraud_etl.py
[2026-05-02T06:22:56.134+0000] {logging_mixin.py:188} INFO - [2026-05-02T06:22:56.134+0000] {dag.py:3036} INFO - Sync 1 DAGs
[2026-05-02T06:22:56.144+0000] {logging_mixin.py:188} INFO - [2026-05-02T06:22:56.144+0000] {dag.py:3823} INFO - Setting next_dagrun for fraud_buster_etl to None, run_after=None
[2026-05-02T06:22:56.158+0000] {processor.py:183} INFO - Processing /opt/airflow/dags/dag_fraud_etl.py took 0.310 seconds
[2026-05-02T06:23:26.338+0000] {processor.py:161} INFO - Started process (PID=524) to work on /opt/airflow/dags/dag_fraud_etl.py
[2026-05-02T06:23:26.339+0000] {processor.py:830} INFO - Processing file /opt/airflow/dags/dag_fraud_etl.py for tasks to queue
[2026-05-02T06:23:26.341+0000] {logging_mixin.py:188} INFO - [2026-05-02T06:23:26.340+0000] {dagbag.py:538} INFO - Filling up the DagBag from /opt/airflow/dags/dag_fraud_etl.py
[2026-05-02T06:23:26.592+0000] {processor.py:840} INFO - DAG(s) 'fraud_buster_etl' retrieved from /opt/airflow/dags/dag_fraud_etl.py
[2026-05-02T06:23:26.617+0000] {logging_mixin.py:188} INFO - [2026-05-02T06:23:26.617+0000] {dag.py:3036} INFO - Sync 1 DAGs
[2026-05-02T06:23:26.628+0000] {logging_mixin.py:188} INFO - [2026-05-02T06:23:26.628+0000] {dag.py:3823} INFO - Setting next_dagrun for fraud_buster_etl to None, run_after=None
[2026-05-02T06:23:26.643+0000] {processor.py:183} INFO - Processing /opt/airflow/dags/dag_fraud_etl.py took 0.311 seconds
[2026-05-02T06:23:56.823+0000] {processor.py:161} INFO - Started process (PID=530) to work on /opt/airflow/dags/dag_fraud_etl.py
[2026-05-02T06:23:56.824+0000] {processor.py:830} INFO - Processing file /opt/airflow/dags/dag_fraud_etl.py for tasks to queue
[2026-05-02T06:23:56.826+0000] {logging_mixin.py:188} INFO - [2026-05-02T06:23:56.825+0000] {dagbag.py:538} INFO - Filling up the DagBag from /opt/airflow/dags/dag_fraud_etl.py
[2026-05-02T06:23:57.080+0000] {processor.py:840} INFO - DAG(s) 'fraud_buster_etl' retrieved from /opt/airflow/dags/dag_fraud_etl.py
[2026-05-02T06:23:57.106+0000] {logging_mixin.py:188} INFO - [2026-05-02T06:23:57.106+0000] {dag.py:3036} INFO - Sync 1 DAGs
[2026-05-02T06:23:57.124+0000] {logging_mixin.py:188} INFO - [2026-05-02T06:23:57.124+0000] {dag.py:3823} INFO - Setting next_dagrun for fraud_buster_etl to None, run_after=None
[2026-05-02T06:23:57.150+0000] {processor.py:183} INFO - Processing /opt/airflow/dags/dag_fraud_etl.py took 0.332 seconds
[2026-05-02T06:24:27.330+0000] {processor.py:161} INFO - Started process (PID=536) to work on /opt/airflow/dags/dag_fraud_etl.py
[2026-05-02T06:24:27.332+0000] {processor.py:830} INFO - Processing file /opt/airflow/dags/dag_fraud_etl.py for tasks to queue
[2026-05-02T06:24:27.334+0000] {logging_mixin.py:188} INFO - [2026-05-02T06:24:27.333+0000] {dagbag.py:538} INFO - Filling up the DagBag from /opt/airflow/dags/dag_fraud_etl.py
[2026-05-02T06:24:27.584+0000] {processor.py:840} INFO - DAG(s) 'fraud_buster_etl' retrieved from /opt/airflow/dags/dag_fraud_etl.py
[2026-05-02T06:24:27.610+0000] {logging_mixin.py:188} INFO - [2026-05-02T06:24:27.610+0000] {dag.py:3036} INFO - Sync 1 DAGs
[2026-05-02T06:24:27.620+0000] {logging_mixin.py:188} INFO - [2026-05-02T06:24:27.619+0000] {dag.py:3823} INFO - Setting next_dagrun for fraud_buster_etl to None, run_after=None
[2026-05-02T06:24:27.634+0000] {processor.py:183} INFO - Processing /opt/airflow/dags/dag_fraud_etl.py took 0.309 seconds
[2026-05-02T06:24:57.802+0000] {processor.py:161} INFO - Started process (PID=542) to work on /opt/airflow/dags/dag_fraud_etl.py
[2026-05-02T06:24:57.803+0000] {processor.py:830} INFO - Processing file /opt/airflow/dags/dag_fraud_etl.py for tasks to queue
[2026-05-02T06:24:57.804+0000] {logging_mixin.py:188} INFO - [2026-05-02T06:24:57.804+0000] {dagbag.py:538} INFO - Filling up the DagBag from /opt/airflow/dags/dag_fraud_etl.py
[2026-05-02T06:24:58.057+0000] {processor.py:840} INFO - DAG(s) 'fraud_buster_etl' retrieved from /opt/airflow/dags/dag_fraud_etl.py
[2026-05-02T06:24:58.083+0000] {logging_mixin.py:188} INFO - [2026-05-02T06:24:58.082+0000] {dag.py:3036} INFO - Sync 1 DAGs
[2026-05-02T06:24:58.092+0000] {logging_mixin.py:188} INFO - [2026-05-02T06:24:58.092+0000] {dag.py:3823} INFO - Setting next_dagrun for fraud_buster_etl to None, run_after=None
[2026-05-02T06:24:58.108+0000] {processor.py:183} INFO - Processing /opt/airflow/dags/dag_fraud_etl.py took 0.311 seconds
[2026-05-02T06:25:28.280+0000] {processor.py:161} INFO - Started process (PID=548) to work on /opt/airflow/dags/dag_fraud_etl.py
[2026-05-02T06:25:28.282+0000] {processor.py:830} INFO - Processing file /opt/airflow/dags/dag_fraud_etl.py for tasks to queue
[2026-05-02T06:25:28.284+0000] {logging_mixin.py:188} INFO - [2026-05-02T06:25:28.283+0000] {dagbag.py:538} INFO - Filling up the DagBag from /opt/airflow/dags/dag_fraud_etl.py
[2026-05-02T06:25:28.536+0000] {processor.py:840} INFO - DAG(s) 'fraud_buster_etl' retrieved from /opt/airflow/dags/dag_fraud_etl.py
[2026-05-02T06:25:28.561+0000] {logging_mixin.py:188} INFO - [2026-05-02T06:25:28.561+0000] {dag.py:3036} INFO - Sync 1 DAGs
[2026-05-02T06:25:28.571+0000] {logging_mixin.py:188} INFO - [2026-05-02T06:25:28.571+0000] {dag.py:3823} INFO - Setting next_dagrun for fraud_buster_etl to None, run_after=None
[2026-05-02T06:25:28.586+0000] {processor.py:183} INFO - Processing /opt/airflow/dags/dag_fraud_etl.py took 0.310 seconds
[2026-05-02T06:25:58.765+0000] {processor.py:161} INFO - Started process (PID=554) to work on /opt/airflow/dags/dag_fraud_etl.py
[2026-05-02T06:25:58.766+0000] {processor.py:830} INFO - Processing file /opt/airflow/dags/dag_fraud_etl.py for tasks to queue
[2026-05-02T06:25:58.767+0000] {logging_mixin.py:188} INFO - [2026-05-02T06:25:58.767+0000] {dagbag.py:538} INFO - Filling up the DagBag from /opt/airflow/dags/dag_fraud_etl.py
[2026-05-02T06:25:59.020+0000] {processor.py:840} INFO - DAG(s) 'fraud_buster_etl' retrieved from /opt/airflow/dags/dag_fraud_etl.py
[2026-05-02T06:25:59.044+0000] {logging_mixin.py:188} INFO - [2026-05-02T06:25:59.044+0000] {dag.py:3036} INFO - Sync 1 DAGs
[2026-05-02T06:25:59.055+0000] {logging_mixin.py:188} INFO - [2026-05-02T06:25:59.055+0000] {dag.py:3823} INFO - Setting next_dagrun for fraud_buster_etl to None, run_after=None
[2026-05-02T06:25:59.069+0000] {processor.py:183} INFO - Processing /opt/airflow/dags/dag_fraud_etl.py took 0.310 seconds
[2026-05-02T06:26:29.255+0000] {processor.py:161} INFO - Started process (PID=560) to work on /opt/airflow/dags/dag_fraud_etl.py
[2026-05-02T06:26:29.257+0000] {processor.py:830} INFO - Processing file /opt/airflow/dags/dag_fraud_etl.py for tasks to queue
[2026-05-02T06:26:29.258+0000] {logging_mixin.py:188} INFO - [2026-05-02T06:26:29.258+0000] {dagbag.py:538} INFO - Filling up the DagBag from /opt/airflow/dags/dag_fraud_etl.py
[2026-05-02T06:26:29.504+0000] {processor.py:840} INFO - DAG(s) 'fraud_buster_etl' retrieved from /opt/airflow/dags/dag_fraud_etl.py
[2026-05-02T06:26:29.529+0000] {logging_mixin.py:188} INFO - [2026-05-02T06:26:29.529+0000] {dag.py:3036} INFO - Sync 1 DAGs
[2026-05-02T06:26:29.540+0000] {logging_mixin.py:188} INFO - [2026-05-02T06:26:29.540+0000] {dag.py:3823} INFO - Setting next_dagrun for fraud_buster_etl to None, run_after=None
[2026-05-02T06:26:29.554+0000] {processor.py:183} INFO - Processing /opt/airflow/dags/dag_fraud_etl.py took 0.304 seconds
[2026-05-02T06:26:59.735+0000] {processor.py:161} INFO - Started process (PID=566) to work on /opt/airflow/dags/dag_fraud_etl.py
[2026-05-02T06:26:59.736+0000] {processor.py:830} INFO - Processing file /opt/airflow/dags/dag_fraud_etl.py for tasks to queue
[2026-05-02T06:26:59.737+0000] {logging_mixin.py:188} INFO - [2026-05-02T06:26:59.737+0000] {dagbag.py:538} INFO - Filling up the DagBag from /opt/airflow/dags/dag_fraud_etl.py
[2026-05-02T06:26:59.988+0000] {processor.py:840} INFO - DAG(s) 'fraud_buster_etl' retrieved from /opt/airflow/dags/dag_fraud_etl.py
[2026-05-02T06:27:00.013+0000] {logging_mixin.py:188} INFO - [2026-05-02T06:27:00.013+0000] {dag.py:3036} INFO - Sync 1 DAGs
[2026-05-02T06:27:00.023+0000] {logging_mixin.py:188} INFO - [2026-05-02T06:27:00.023+0000] {dag.py:3823} INFO - Setting next_dagrun for fraud_buster_etl to None, run_after=None
[2026-05-02T06:27:00.038+0000] {processor.py:183} INFO - Processing /opt/airflow/dags/dag_fraud_etl.py took 0.309 seconds
[2026-05-02T06:27:30.217+0000] {processor.py:161} INFO - Started process (PID=572) to work on /opt/airflow/dags/dag_fraud_etl.py
[2026-05-02T06:27:30.218+0000] {processor.py:830} INFO - Processing file /opt/airflow/dags/dag_fraud_etl.py for tasks to queue
[2026-05-02T06:27:30.220+0000] {logging_mixin.py:188} INFO - [2026-05-02T06:27:30.219+0000] {dagbag.py:538} INFO - Filling up the DagBag from /opt/airflow/dags/dag_fraud_etl.py
[2026-05-02T06:27:30.584+0000] {processor.py:840} INFO - DAG(s) 'fraud_buster_etl' retrieved from /opt/airflow/dags/dag_fraud_etl.py
[2026-05-02T06:27:30.607+0000] {logging_mixin.py:188} INFO - [2026-05-02T06:27:30.607+0000] {dag.py:3036} INFO - Sync 1 DAGs
[2026-05-02T06:27:30.616+0000] {logging_mixin.py:188} INFO - [2026-05-02T06:27:30.616+0000] {dag.py:3823} INFO - Setting next_dagrun for fraud_buster_etl to None, run_after=None
[2026-05-02T06:27:30.630+0000] {processor.py:183} INFO - Processing /opt/airflow/dags/dag_fraud_etl.py took 0.418 seconds
[2026-05-02T06:28:00.813+0000] {processor.py:161} INFO - Started process (PID=578) to work on /opt/airflow/dags/dag_fraud_etl.py
[2026-05-02T06:28:00.814+0000] {processor.py:830} INFO - Processing file /opt/airflow/dags/dag_fraud_etl.py for tasks to queue
[2026-05-02T06:28:00.816+0000] {logging_mixin.py:188} INFO - [2026-05-02T06:28:00.815+0000] {dagbag.py:538} INFO - Filling up the DagBag from /opt/airflow/dags/dag_fraud_etl.py
[2026-05-02T06:28:01.177+0000] {processor.py:840} INFO - DAG(s) 'fraud_buster_etl' retrieved from /opt/airflow/dags/dag_fraud_etl.py
[2026-05-02T06:28:01.200+0000] {logging_mixin.py:188} INFO - [2026-05-02T06:28:01.199+0000] {dag.py:3036} INFO - Sync 1 DAGs
[2026-05-02T06:28:01.208+0000] {logging_mixin.py:188} INFO - [2026-05-02T06:28:01.208+0000] {dag.py:3823} INFO - Setting next_dagrun for fraud_buster_etl to None, run_after=None
[2026-05-02T06:28:01.223+0000] {processor.py:183} INFO - Processing /opt/airflow/dags/dag_fraud_etl.py took 0.415 seconds
[2026-05-02T06:28:31.414+0000] {processor.py:161} INFO - Started process (PID=584) to work on /opt/airflow/dags/dag_fraud_etl.py
[2026-05-02T06:28:31.415+0000] {processor.py:830} INFO - Processing file /opt/airflow/dags/dag_fraud_etl.py for tasks to queue
[2026-05-02T06:28:31.416+0000] {logging_mixin.py:188} INFO - [2026-05-02T06:28:31.416+0000] {dagbag.py:538} INFO - Filling up the DagBag from /opt/airflow/dags/dag_fraud_etl.py
[2026-05-02T06:28:31.772+0000] {processor.py:840} INFO - DAG(s) 'fraud_buster_etl' retrieved from /opt/airflow/dags/dag_fraud_etl.py
[2026-05-02T06:28:31.796+0000] {logging_mixin.py:188} INFO - [2026-05-02T06:28:31.795+0000] {dag.py:3036} INFO - Sync 1 DAGs
[2026-05-02T06:28:31.805+0000] {logging_mixin.py:188} INFO - [2026-05-02T06:28:31.804+0000] {dag.py:3823} INFO - Setting next_dagrun for fraud_buster_etl to None, run_after=None
[2026-05-02T06:28:31.818+0000] {processor.py:183} INFO - Processing /opt/airflow/dags/dag_fraud_etl.py took 0.410 seconds
[2026-05-02T06:29:01.995+0000] {processor.py:161} INFO - Started process (PID=590) to work on /opt/airflow/dags/dag_fraud_etl.py
[2026-05-02T06:29:01.996+0000] {processor.py:830} INFO - Processing file /opt/airflow/dags/dag_fraud_etl.py for tasks to queue
[2026-05-02T06:29:01.997+0000] {logging_mixin.py:188} INFO - [2026-05-02T06:29:01.997+0000] {dagbag.py:538} INFO - Filling up the DagBag from /opt/airflow/dags/dag_fraud_etl.py
[2026-05-02T06:29:02.350+0000] {processor.py:840} INFO - DAG(s) 'fraud_buster_etl' retrieved from /opt/airflow/dags/dag_fraud_etl.py
[2026-05-02T06:29:02.375+0000] {logging_mixin.py:188} INFO - [2026-05-02T06:29:02.374+0000] {dag.py:3036} INFO - Sync 1 DAGs
[2026-05-02T06:29:02.393+0000] {logging_mixin.py:188} INFO - [2026-05-02T06:29:02.393+0000] {dag.py:3823} INFO - Setting next_dagrun for fraud_buster_etl to None, run_after=None
[2026-05-02T06:29:02.419+0000] {processor.py:183} INFO - Processing /opt/airflow/dags/dag_fraud_etl.py took 0.429 seconds
[2026-05-02T06:29:32.621+0000] {processor.py:161} INFO - Started process (PID=596) to work on /opt/airflow/dags/dag_fraud_etl.py
[2026-05-02T06:29:32.622+0000] {processor.py:830} INFO - Processing file /opt/airflow/dags/dag_fraud_etl.py for tasks to queue
[2026-05-02T06:29:32.623+0000] {logging_mixin.py:188} INFO - [2026-05-02T06:29:32.623+0000] {dagbag.py:538} INFO - Filling up the DagBag from /opt/airflow/dags/dag_fraud_etl.py
[2026-05-02T06:29:32.984+0000] {processor.py:840} INFO - DAG(s) 'fraud_buster_etl' retrieved from /opt/airflow/dags/dag_fraud_etl.py
[2026-05-02T06:29:33.007+0000] {logging_mixin.py:188} INFO - [2026-05-02T06:29:33.007+0000] {dag.py:3036} INFO - Sync 1 DAGs
[2026-05-02T06:29:33.016+0000] {logging_mixin.py:188} INFO - [2026-05-02T06:29:33.016+0000] {dag.py:3823} INFO - Setting next_dagrun for fraud_buster_etl to None, run_after=None
[2026-05-02T06:29:33.030+0000] {processor.py:183} INFO - Processing /opt/airflow/dags/dag_fraud_etl.py took 0.414 seconds
[2026-05-02T06:30:03.200+0000] {processor.py:161} INFO - Started process (PID=602) to work on /opt/airflow/dags/dag_fraud_etl.py
[2026-05-02T06:30:03.200+0000] {processor.py:830} INFO - Processing file /opt/airflow/dags/dag_fraud_etl.py for tasks to queue
[2026-05-02T06:30:03.201+0000] {logging_mixin.py:188} INFO - [2026-05-02T06:30:03.201+0000] {dagbag.py:538} INFO - Filling up the DagBag from /opt/airflow/dags/dag_fraud_etl.py
[2026-05-02T06:30:03.539+0000] {processor.py:840} INFO - DAG(s) 'fraud_buster_etl' retrieved from /opt/airflow/dags/dag_fraud_etl.py
[2026-05-02T06:30:03.561+0000] {logging_mixin.py:188} INFO - [2026-05-02T06:30:03.561+0000] {dag.py:3036} INFO - Sync 1 DAGs
[2026-05-02T06:30:03.570+0000] {logging_mixin.py:188} INFO - [2026-05-02T06:30:03.570+0000] {dag.py:3823} INFO - Setting next_dagrun for fraud_buster_etl to None, run_after=None
[2026-05-02T06:30:03.584+0000] {processor.py:183} INFO - Processing /opt/airflow/dags/dag_fraud_etl.py took 0.388 seconds
[2026-05-02T06:30:33.766+0000] {processor.py:161} INFO - Started process (PID=608) to work on /opt/airflow/dags/dag_fraud_etl.py
[2026-05-02T06:30:33.768+0000] {processor.py:830} INFO - Processing file /opt/airflow/dags/dag_fraud_etl.py for tasks to queue
[2026-05-02T06:30:33.769+0000] {logging_mixin.py:188} INFO - [2026-05-02T06:30:33.769+0000] {dagbag.py:538} INFO - Filling up the DagBag from /opt/airflow/dags/dag_fraud_etl.py
[2026-05-02T06:30:34.125+0000] {processor.py:840} INFO - DAG(s) 'fraud_buster_etl' retrieved from /opt/airflow/dags/dag_fraud_etl.py
[2026-05-02T06:30:34.147+0000] {logging_mixin.py:188} INFO - [2026-05-02T06:30:34.147+0000] {dag.py:3036} INFO - Sync 1 DAGs
[2026-05-02T06:30:34.156+0000] {logging_mixin.py:188} INFO - [2026-05-02T06:30:34.156+0000] {dag.py:3823} INFO - Setting next_dagrun for fraud_buster_etl to None, run_after=None
[2026-05-02T06:30:34.171+0000] {processor.py:183} INFO - Processing /opt/airflow/dags/dag_fraud_etl.py took 0.410 seconds
[2026-05-02T06:31:04.345+0000] {processor.py:161} INFO - Started process (PID=614) to work on /opt/airflow/dags/dag_fraud_etl.py
[2026-05-02T06:31:04.346+0000] {processor.py:830} INFO - Processing file /opt/airflow/dags/dag_fraud_etl.py for tasks to queue
[2026-05-02T06:31:04.348+0000] {logging_mixin.py:188} INFO - [2026-05-02T06:31:04.347+0000] {dagbag.py:538} INFO - Filling up the DagBag from /opt/airflow/dags/dag_fraud_etl.py
[2026-05-02T06:31:04.706+0000] {processor.py:840} INFO - DAG(s) 'fraud_buster_etl' retrieved from /opt/airflow/dags/dag_fraud_etl.py
[2026-05-02T06:31:04.730+0000] {logging_mixin.py:188} INFO - [2026-05-02T06:31:04.730+0000] {dag.py:3036} INFO - Sync 1 DAGs
[2026-05-02T06:31:04.739+0000] {logging_mixin.py:188} INFO - [2026-05-02T06:31:04.739+0000] {dag.py:3823} INFO - Setting next_dagrun for fraud_buster_etl to None, run_after=None
[2026-05-02T06:31:04.754+0000] {processor.py:183} INFO - Processing /opt/airflow/dags/dag_fraud_etl.py took 0.414 seconds
[2026-05-02T06:31:34.936+0000] {processor.py:161} INFO - Started process (PID=620) to work on /opt/airflow/dags/dag_fraud_etl.py
[2026-05-02T06:31:34.937+0000] {processor.py:830} INFO - Processing file /opt/airflow/dags/dag_fraud_etl.py for tasks to queue
[2026-05-02T06:31:34.938+0000] {logging_mixin.py:188} INFO - [2026-05-02T06:31:34.938+0000] {dagbag.py:538} INFO - Filling up the DagBag from /opt/airflow/dags/dag_fraud_etl.py
[2026-05-02T06:31:35.290+0000] {processor.py:840} INFO - DAG(s) 'fraud_buster_etl' retrieved from /opt/airflow/dags/dag_fraud_etl.py
[2026-05-02T06:31:35.313+0000] {logging_mixin.py:188} INFO - [2026-05-02T06:31:35.313+0000] {dag.py:3036} INFO - Sync 1 DAGs
[2026-05-02T06:31:35.322+0000] {logging_mixin.py:188} INFO - [2026-05-02T06:31:35.322+0000] {dag.py:3823} INFO - Setting next_dagrun for fraud_buster_etl to None, run_after=None
[2026-05-02T06:31:35.337+0000] {processor.py:183} INFO - Processing /opt/airflow/dags/dag_fraud_etl.py took 0.407 seconds
[2026-05-02T06:32:05.536+0000] {processor.py:161} INFO - Started process (PID=626) to work on /opt/airflow/dags/dag_fraud_etl.py
[2026-05-02T06:32:05.538+0000] {processor.py:830} INFO - Processing file /opt/airflow/dags/dag_fraud_etl.py for tasks to queue
[2026-05-02T06:32:05.539+0000] {logging_mixin.py:188} INFO - [2026-05-02T06:32:05.538+0000] {dagbag.py:538} INFO - Filling up the DagBag from /opt/airflow/dags/dag_fraud_etl.py
[2026-05-02T06:32:05.890+0000] {processor.py:840} INFO - DAG(s) 'fraud_buster_etl' retrieved from /opt/airflow/dags/dag_fraud_etl.py
[2026-05-02T06:32:05.918+0000] {logging_mixin.py:188} INFO - [2026-05-02T06:32:05.917+0000] {dag.py:3036} INFO - Sync 1 DAGs
[2026-05-02T06:32:05.932+0000] {logging_mixin.py:188} INFO - [2026-05-02T06:32:05.932+0000] {dag.py:3823} INFO - Setting next_dagrun for fraud_buster_etl to None, run_after=None
[2026-05-02T06:32:05.952+0000] {processor.py:183} INFO - Processing /opt/airflow/dags/dag_fraud_etl.py took 0.421 seconds
[2026-05-02T06:32:36.137+0000] {processor.py:161} INFO - Started process (PID=632) to work on /opt/airflow/dags/dag_fraud_etl.py
[2026-05-02T06:32:36.138+0000] {processor.py:830} INFO - Processing file /opt/airflow/dags/dag_fraud_etl.py for tasks to queue
[2026-05-02T06:32:36.139+0000] {logging_mixin.py:188} INFO - [2026-05-02T06:32:36.139+0000] {dagbag.py:538} INFO - Filling up the DagBag from /opt/airflow/dags/dag_fraud_etl.py
[2026-05-02T06:32:36.495+0000] {processor.py:840} INFO - DAG(s) 'fraud_buster_etl' retrieved from /opt/airflow/dags/dag_fraud_etl.py
[2026-05-02T06:32:36.518+0000] {logging_mixin.py:188} INFO - [2026-05-02T06:32:36.517+0000] {dag.py:3036} INFO - Sync 1 DAGs
[2026-05-02T06:32:36.528+0000] {logging_mixin.py:188} INFO - [2026-05-02T06:32:36.527+0000] {dag.py:3823} INFO - Setting next_dagrun for fraud_buster_etl to None, run_after=None
[2026-05-02T06:32:36.544+0000] {processor.py:183} INFO - Processing /opt/airflow/dags/dag_fraud_etl.py took 0.412 seconds
[2026-05-02T06:33:06.725+0000] {processor.py:161} INFO - Started process (PID=638) to work on /opt/airflow/dags/dag_fraud_etl.py
[2026-05-02T06:33:06.727+0000] {processor.py:830} INFO - Processing file /opt/airflow/dags/dag_fraud_etl.py for tasks to queue
[2026-05-02T06:33:06.728+0000] {logging_mixin.py:188} INFO - [2026-05-02T06:33:06.728+0000] {dagbag.py:538} INFO - Filling up the DagBag from /opt/airflow/dags/dag_fraud_etl.py
[2026-05-02T06:33:07.089+0000] {processor.py:840} INFO - DAG(s) 'fraud_buster_etl' retrieved from /opt/airflow/dags/dag_fraud_etl.py
[2026-05-02T06:33:07.111+0000] {logging_mixin.py:188} INFO - [2026-05-02T06:33:07.111+0000] {dag.py:3036} INFO - Sync 1 DAGs
[2026-05-02T06:33:07.124+0000] {logging_mixin.py:188} INFO - [2026-05-02T06:33:07.124+0000] {dag.py:3823} INFO - Setting next_dagrun for fraud_buster_etl to None, run_after=None
[2026-05-02T06:33:07.151+0000] {processor.py:183} INFO - Processing /opt/airflow/dags/dag_fraud_etl.py took 0.431 seconds
[2026-05-02T06:33:37.342+0000] {processor.py:161} INFO - Started process (PID=644) to work on /opt/airflow/dags/dag_fraud_etl.py
[2026-05-02T06:33:37.344+0000] {processor.py:830} INFO - Processing file /opt/airflow/dags/dag_fraud_etl.py for tasks to queue
[2026-05-02T06:33:37.345+0000] {logging_mixin.py:188} INFO - [2026-05-02T06:33:37.345+0000] {dagbag.py:538} INFO - Filling up the DagBag from /opt/airflow/dags/dag_fraud_etl.py
[2026-05-02T06:33:37.755+0000] {processor.py:840} INFO - DAG(s) 'fraud_buster_etl' retrieved from /opt/airflow/dags/dag_fraud_etl.py
[2026-05-02T06:33:37.783+0000] {logging_mixin.py:188} INFO - [2026-05-02T06:33:37.783+0000] {dag.py:3036} INFO - Sync 1 DAGs
[2026-05-02T06:33:37.798+0000] {logging_mixin.py:188} INFO - [2026-05-02T06:33:37.797+0000] {dag.py:3823} INFO - Setting next_dagrun for fraud_buster_etl to None, run_after=None
[2026-05-02T06:33:37.822+0000] {processor.py:183} INFO - Processing /opt/airflow/dags/dag_fraud_etl.py took 0.486 seconds
[2026-05-02T06:34:08.003+0000] {processor.py:161} INFO - Started process (PID=650) to work on /opt/airflow/dags/dag_fraud_etl.py
[2026-05-02T06:34:08.004+0000] {processor.py:830} INFO - Processing file /opt/airflow/dags/dag_fraud_etl.py for tasks to queue
[2026-05-02T06:34:08.006+0000] {logging_mixin.py:188} INFO - [2026-05-02T06:34:08.005+0000] {dagbag.py:538} INFO - Filling up the DagBag from /opt/airflow/dags/dag_fraud_etl.py
[2026-05-02T06:34:08.367+0000] {processor.py:840} INFO - DAG(s) 'fraud_buster_etl' retrieved from /opt/airflow/dags/dag_fraud_etl.py
[2026-05-02T06:34:08.390+0000] {logging_mixin.py:188} INFO - [2026-05-02T06:34:08.389+0000] {dag.py:3036} INFO - Sync 1 DAGs
[2026-05-02T06:34:08.401+0000] {logging_mixin.py:188} INFO - [2026-05-02T06:34:08.400+0000] {dag.py:3823} INFO - Setting next_dagrun for fraud_buster_etl to None, run_after=None
[2026-05-02T06:34:08.419+0000] {processor.py:183} INFO - Processing /opt/airflow/dags/dag_fraud_etl.py took 0.423 seconds
[2026-05-02T06:34:38.600+0000] {processor.py:161} INFO - Started process (PID=656) to work on /opt/airflow/dags/dag_fraud_etl.py
[2026-05-02T06:34:38.601+0000] {processor.py:830} INFO - Processing file /opt/airflow/dags/dag_fraud_etl.py for tasks to queue
[2026-05-02T06:34:38.602+0000] {logging_mixin.py:188} INFO - [2026-05-02T06:34:38.602+0000] {dagbag.py:538} INFO - Filling up the DagBag from /opt/airflow/dags/dag_fraud_etl.py
[2026-05-02T06:34:38.963+0000] {processor.py:840} INFO - DAG(s) 'fraud_buster_etl' retrieved from /opt/airflow/dags/dag_fraud_etl.py
[2026-05-02T06:34:38.987+0000] {logging_mixin.py:188} INFO - [2026-05-02T06:34:38.986+0000] {dag.py:3036} INFO - Sync 1 DAGs
[2026-05-02T06:34:38.996+0000] {logging_mixin.py:188} INFO - [2026-05-02T06:34:38.996+0000] {dag.py:3823} INFO - Setting next_dagrun for fraud_buster_etl to None, run_after=None
[2026-05-02T06:34:39.011+0000] {processor.py:183} INFO - Processing /opt/airflow/dags/dag_fraud_etl.py took 0.416 seconds
[2026-05-02T06:35:09.184+0000] {processor.py:161} INFO - Started process (PID=662) to work on /opt/airflow/dags/dag_fraud_etl.py
[2026-05-02T06:35:09.186+0000] {processor.py:830} INFO - Processing file /opt/airflow/dags/dag_fraud_etl.py for tasks to queue
[2026-05-02T06:35:09.187+0000] {logging_mixin.py:188} INFO - [2026-05-02T06:35:09.186+0000] {dagbag.py:538} INFO - Filling up the DagBag from /opt/airflow/dags/dag_fraud_etl.py
[2026-05-02T06:35:09.549+0000] {processor.py:840} INFO - DAG(s) 'fraud_buster_etl' retrieved from /opt/airflow/dags/dag_fraud_etl.py
[2026-05-02T06:35:09.576+0000] {logging_mixin.py:188} INFO - [2026-05-02T06:35:09.575+0000] {dag.py:3036} INFO - Sync 1 DAGs
[2026-05-02T06:35:09.585+0000] {logging_mixin.py:188} INFO - [2026-05-02T06:35:09.585+0000] {dag.py:3823} INFO - Setting next_dagrun for fraud_buster_etl to None, run_after=None
[2026-05-02T06:35:09.600+0000] {processor.py:183} INFO - Processing /opt/airflow/dags/dag_fraud_etl.py took 0.420 seconds
[2026-05-02T06:35:39.773+0000] {processor.py:161} INFO - Started process (PID=668) to work on /opt/airflow/dags/dag_fraud_etl.py
[2026-05-02T06:35:39.774+0000] {processor.py:830} INFO - Processing file /opt/airflow/dags/dag_fraud_etl.py for tasks to queue
[2026-05-02T06:35:39.775+0000] {logging_mixin.py:188} INFO - [2026-05-02T06:35:39.774+0000] {dagbag.py:538} INFO - Filling up the DagBag from /opt/airflow/dags/dag_fraud_etl.py
[2026-05-02T06:35:40.027+0000] {processor.py:840} INFO - DAG(s) 'fraud_buster_etl' retrieved from /opt/airflow/dags/dag_fraud_etl.py
[2026-05-02T06:35:40.043+0000] {logging_mixin.py:188} INFO - [2026-05-02T06:35:40.043+0000] {dag.py:3036} INFO - Sync 1 DAGs
[2026-05-02T06:35:40.050+0000] {logging_mixin.py:188} INFO - [2026-05-02T06:35:40.050+0000] {dag.py:3823} INFO - Setting next_dagrun for fraud_buster_etl to None, run_after=None
[2026-05-02T06:35:40.061+0000] {processor.py:183} INFO - Processing /opt/airflow/dags/dag_fraud_etl.py took 0.290 seconds
[2026-05-02T06:36:10.284+0000] {processor.py:161} INFO - Started process (PID=674) to work on /opt/airflow/dags/dag_fraud_etl.py
[2026-05-02T06:36:10.284+0000] {processor.py:830} INFO - Processing file /opt/airflow/dags/dag_fraud_etl.py for tasks to queue
[2026-05-02T06:36:10.285+0000] {logging_mixin.py:188} INFO - [2026-05-02T06:36:10.285+0000] {dagbag.py:538} INFO - Filling up the DagBag from /opt/airflow/dags/dag_fraud_etl.py
[2026-05-02T06:36:10.441+0000] {processor.py:840} INFO - DAG(s) 'fraud_buster_etl' retrieved from /opt/airflow/dags/dag_fraud_etl.py
[2026-05-02T06:36:10.460+0000] {logging_mixin.py:188} INFO - [2026-05-02T06:36:10.459+0000] {dag.py:3036} INFO - Sync 1 DAGs
[2026-05-02T06:36:10.467+0000] {logging_mixin.py:188} INFO - [2026-05-02T06:36:10.467+0000] {dag.py:3823} INFO - Setting next_dagrun for fraud_buster_etl to None, run_after=None
[2026-05-02T06:36:10.478+0000] {processor.py:183} INFO - Processing /opt/airflow/dags/dag_fraud_etl.py took 0.196 seconds
[2026-05-02T06:36:40.622+0000] {processor.py:161} INFO - Started process (PID=680) to work on /opt/airflow/dags/dag_fraud_etl.py
[2026-05-02T06:36:40.623+0000] {processor.py:830} INFO - Processing file /opt/airflow/dags/dag_fraud_etl.py for tasks to queue
[2026-05-02T06:36:40.623+0000] {logging_mixin.py:188} INFO - [2026-05-02T06:36:40.623+0000] {dagbag.py:538} INFO - Filling up the DagBag from /opt/airflow/dags/dag_fraud_etl.py
[2026-05-02T06:36:40.780+0000] {processor.py:840} INFO - DAG(s) 'fraud_buster_etl' retrieved from /opt/airflow/dags/dag_fraud_etl.py
[2026-05-02T06:36:40.798+0000] {logging_mixin.py:188} INFO - [2026-05-02T06:36:40.798+0000] {dag.py:3036} INFO - Sync 1 DAGs
[2026-05-02T06:36:40.804+0000] {logging_mixin.py:188} INFO - [2026-05-02T06:36:40.804+0000] {dag.py:3823} INFO - Setting next_dagrun for fraud_buster_etl to None, run_after=None
[2026-05-02T06:36:40.815+0000] {processor.py:183} INFO - Processing /opt/airflow/dags/dag_fraud_etl.py took 0.196 seconds
[2026-05-02T06:37:10.960+0000] {processor.py:161} INFO - Started process (PID=686) to work on /opt/airflow/dags/dag_fraud_etl.py
[2026-05-02T06:37:10.961+0000] {processor.py:830} INFO - Processing file /opt/airflow/dags/dag_fraud_etl.py for tasks to queue
[2026-05-02T06:37:10.962+0000] {logging_mixin.py:188} INFO - [2026-05-02T06:37:10.961+0000] {dagbag.py:538} INFO - Filling up the DagBag from /opt/airflow/dags/dag_fraud_etl.py
[2026-05-02T06:37:11.133+0000] {processor.py:840} INFO - DAG(s) 'fraud_buster_etl' retrieved from /opt/airflow/dags/dag_fraud_etl.py
[2026-05-02T06:37:11.154+0000] {logging_mixin.py:188} INFO - [2026-05-02T06:37:11.154+0000] {dag.py:3036} INFO - Sync 1 DAGs
[2026-05-02T06:37:11.162+0000] {logging_mixin.py:188} INFO - [2026-05-02T06:37:11.161+0000] {dag.py:3823} INFO - Setting next_dagrun for fraud_buster_etl to None, run_after=None
[2026-05-02T06:37:11.174+0000] {processor.py:183} INFO - Processing /opt/airflow/dags/dag_fraud_etl.py took 0.216 seconds
[2026-05-02T06:37:41.320+0000] {processor.py:161} INFO - Started process (PID=692) to work on /opt/airflow/dags/dag_fraud_etl.py
[2026-05-02T06:37:41.321+0000] {processor.py:830} INFO - Processing file /opt/airflow/dags/dag_fraud_etl.py for tasks to queue
[2026-05-02T06:37:41.321+0000] {logging_mixin.py:188} INFO - [2026-05-02T06:37:41.321+0000] {dagbag.py:538} INFO - Filling up the DagBag from /opt/airflow/dags/dag_fraud_etl.py
[2026-05-02T06:37:41.516+0000] {processor.py:840} INFO - DAG(s) 'fraud_buster_etl' retrieved from /opt/airflow/dags/dag_fraud_etl.py
[2026-05-02T06:37:41.536+0000] {logging_mixin.py:188} INFO - [2026-05-02T06:37:41.536+0000] {dag.py:3036} INFO - Sync 1 DAGs
[2026-05-02T06:37:41.544+0000] {logging_mixin.py:188} INFO - [2026-05-02T06:37:41.544+0000] {dag.py:3823} INFO - Setting next_dagrun for fraud_buster_etl to None, run_after=None
[2026-05-02T06:37:41.557+0000] {processor.py:183} INFO - Processing /opt/airflow/dags/dag_fraud_etl.py took 0.240 seconds
[2026-05-02T06:38:11.705+0000] {processor.py:161} INFO - Started process (PID=698) to work on /opt/airflow/dags/dag_fraud_etl.py
[2026-05-02T06:38:11.705+0000] {processor.py:830} INFO - Processing file /opt/airflow/dags/dag_fraud_etl.py for tasks to queue
[2026-05-02T06:38:11.706+0000] {logging_mixin.py:188} INFO - [2026-05-02T06:38:11.706+0000] {dagbag.py:538} INFO - Filling up the DagBag from /opt/airflow/dags/dag_fraud_etl.py
[2026-05-02T06:38:11.866+0000] {processor.py:840} INFO - DAG(s) 'fraud_buster_etl' retrieved from /opt/airflow/dags/dag_fraud_etl.py
[2026-05-02T06:38:11.883+0000] {logging_mixin.py:188} INFO - [2026-05-02T06:38:11.883+0000] {dag.py:3036} INFO - Sync 1 DAGs
[2026-05-02T06:38:11.890+0000] {logging_mixin.py:188} INFO - [2026-05-02T06:38:11.890+0000] {dag.py:3823} INFO - Setting next_dagrun for fraud_buster_etl to None, run_after=None
[2026-05-02T06:38:11.903+0000] {processor.py:183} INFO - Processing /opt/airflow/dags/dag_fraud_etl.py took 0.201 seconds
[2026-05-02T06:38:42.064+0000] {processor.py:161} INFO - Started process (PID=704) to work on /opt/airflow/dags/dag_fraud_etl.py
[2026-05-02T06:38:42.065+0000] {processor.py:830} INFO - Processing file /opt/airflow/dags/dag_fraud_etl.py for tasks to queue
[2026-05-02T06:38:42.066+0000] {logging_mixin.py:188} INFO - [2026-05-02T06:38:42.066+0000] {dagbag.py:538} INFO - Filling up the DagBag from /opt/airflow/dags/dag_fraud_etl.py
[2026-05-02T06:38:42.283+0000] {processor.py:840} INFO - DAG(s) 'fraud_buster_etl' retrieved from /opt/airflow/dags/dag_fraud_etl.py
[2026-05-02T06:38:42.306+0000] {logging_mixin.py:188} INFO - [2026-05-02T06:38:42.306+0000] {dag.py:3036} INFO - Sync 1 DAGs
[2026-05-02T06:38:42.313+0000] {logging_mixin.py:188} INFO - [2026-05-02T06:38:42.313+0000] {dag.py:3823} INFO - Setting next_dagrun for fraud_buster_etl to None, run_after=None
[2026-05-02T06:38:42.326+0000] {processor.py:183} INFO - Processing /opt/airflow/dags/dag_fraud_etl.py took 0.264 seconds
[2026-05-02T06:39:12.496+0000] {processor.py:161} INFO - Started process (PID=710) to work on /opt/airflow/dags/dag_fraud_etl.py
[2026-05-02T06:39:12.497+0000] {processor.py:830} INFO - Processing file /opt/airflow/dags/dag_fraud_etl.py for tasks to queue
[2026-05-02T06:39:12.499+0000] {logging_mixin.py:188} INFO - [2026-05-02T06:39:12.498+0000] {dagbag.py:538} INFO - Filling up the DagBag from /opt/airflow/dags/dag_fraud_etl.py
[2026-05-02T06:39:12.662+0000] {processor.py:840} INFO - DAG(s) 'fraud_buster_etl' retrieved from /opt/airflow/dags/dag_fraud_etl.py
[2026-05-02T06:39:12.681+0000] {logging_mixin.py:188} INFO - [2026-05-02T06:39:12.681+0000] {dag.py:3036} INFO - Sync 1 DAGs
[2026-05-02T06:39:12.689+0000] {logging_mixin.py:188} INFO - [2026-05-02T06:39:12.689+0000] {dag.py:3823} INFO - Setting next_dagrun for fraud_buster_etl to None, run_after=None
[2026-05-02T06:39:12.702+0000] {processor.py:183} INFO - Processing /opt/airflow/dags/dag_fraud_etl.py took 0.210 seconds
[2026-05-02T06:39:42.868+0000] {processor.py:161} INFO - Started process (PID=716) to work on /opt/airflow/dags/dag_fraud_etl.py
[2026-05-02T06:39:42.870+0000] {processor.py:830} INFO - Processing file /opt/airflow/dags/dag_fraud_etl.py for tasks to queue
[2026-05-02T06:39:42.871+0000] {logging_mixin.py:188} INFO - [2026-05-02T06:39:42.871+0000] {dagbag.py:538} INFO - Filling up the DagBag from /opt/airflow/dags/dag_fraud_etl.py
[2026-05-02T06:39:43.029+0000] {processor.py:840} INFO - DAG(s) 'fraud_buster_etl' retrieved from /opt/airflow/dags/dag_fraud_etl.py
[2026-05-02T06:39:43.050+0000] {logging_mixin.py:188} INFO - [2026-05-02T06:39:43.049+0000] {dag.py:3036} INFO - Sync 1 DAGs
[2026-05-02T06:39:43.059+0000] {logging_mixin.py:188} INFO - [2026-05-02T06:39:43.059+0000] {dag.py:3823} INFO - Setting next_dagrun for fraud_buster_etl to None, run_after=None
[2026-05-02T06:39:43.073+0000] {processor.py:183} INFO - Processing /opt/airflow/dags/dag_fraud_etl.py took 0.207 seconds
[2026-05-02T06:40:13.243+0000] {processor.py:161} INFO - Started process (PID=722) to work on /opt/airflow/dags/dag_fraud_etl.py
[2026-05-02T06:40:13.244+0000] {processor.py:830} INFO - Processing file /opt/airflow/dags/dag_fraud_etl.py for tasks to queue
[2026-05-02T06:40:13.245+0000] {logging_mixin.py:188} INFO - [2026-05-02T06:40:13.245+0000] {dagbag.py:538} INFO - Filling up the DagBag from /opt/airflow/dags/dag_fraud_etl.py
[2026-05-02T06:40:13.414+0000] {processor.py:840} INFO - DAG(s) 'fraud_buster_etl' retrieved from /opt/airflow/dags/dag_fraud_etl.py
[2026-05-02T06:40:13.435+0000] {logging_mixin.py:188} INFO - [2026-05-02T06:40:13.434+0000] {dag.py:3036} INFO - Sync 1 DAGs
[2026-05-02T06:40:13.443+0000] {logging_mixin.py:188} INFO - [2026-05-02T06:40:13.442+0000] {dag.py:3823} INFO - Setting next_dagrun for fraud_buster_etl to None, run_after=None
[2026-05-02T06:40:13.454+0000] {processor.py:183} INFO - Processing /opt/airflow/dags/dag_fraud_etl.py took 0.214 seconds
